Arguments: 
  /usr/bin/node /usr/bin/yarn add dom-parser.

PATH: 
  /usr/local/sbin:/usr/local/bin:/usr/bin:/home/curve/.dotnet/tools:/var/lib/flatpak/exports/bin:/usr/lib/jvm/default/bin:/usr/bin/site_perl:/usr/bin/vendor_perl:/usr/bin/core_perl

Yarn version: 
  1.22.19

Node version: 
  19.3.0

Platform: 
  linux x64

Trace: 
  Error: https://registry.yarnpkg.com/dom-parser.: Not found
      at params.callback [as _callback] (/usr/lib/node_modules/yarn/lib/cli.js:66145:18)
      at self.callback (/usr/lib/node_modules/yarn/lib/cli.js:140890:22)
      at Request.emit (node:events:513:28)
      at Request.<anonymous> (/usr/lib/node_modules/yarn/lib/cli.js:141862:10)
      at Request.emit (node:events:513:28)
      at IncomingMessage.<anonymous> (/usr/lib/node_modules/yarn/lib/cli.js:141784:12)
      at Object.onceWrapper (node:events:627:28)
      at IncomingMessage.emit (node:events:525:35)
      at endReadableNT (node:internal/streams/readable:1359:12)
      at process.processTicksAndRejections (node:internal/process/task_queues:82:21)

npm manifest: 
  {
    "name": "indiana",
    "version": "1.0.0",
    "author": "Curve <fynnbwdt@gmail.com>",
    "description": "A 'click-to-build' generator for css and xpath selectors",
    "license": "MIT",
    "dependencies": {
      "@emotion/react": "^11.10.5",
      "@mantine/core": "^5.9.5",
      "@mantine/hooks": "^5.9.5",
      "@tabler/icons": "^1.117.0",
      "@types/react": "^18.0.26",
      "@types/react-dom": "^18.0.9",
      "parcel": "^2.8.2",
      "parcel-plugin-static-files-copy": "^2.6.0",
      "react": "^18.2.0",
      "react-dom": "^18.2.0",
      "text-scorer": "^2.1.2",
      "typescript": "^4.9.4"
    },
    "scripts": {
      "build": "bash build.sh",
      "dev": "bash build.sh --no-optimize"
    },
    "devDependencies": {
      "chrome-types": "^0.1.155"
    }
  }

yarn manifest: 
  No manifest

Lockfile: 
  # THIS IS AN AUTOGENERATED FILE. DO NOT EDIT THIS FILE DIRECTLY.
  # yarn lockfile v1
  
  
  "@babel/code-frame@^7.0.0":
    version "7.18.6"
    resolved "https://registry.yarnpkg.com/@babel/code-frame/-/code-frame-7.18.6.tgz#3b25d38c89600baa2dcc219edfa88a74eb2c427a"
    integrity sha512-TDCmlK5eOvH+eH7cdAFlNXeVJqWIQ7gW9tY1GJIpUtFb6CmjVyq2VM3u71bOyR8CRihcCgMUYoDNyLXao3+70Q==
    dependencies:
      "@babel/highlight" "^7.18.6"
  
  "@babel/helper-module-imports@^7.16.7":
    version "7.18.6"
    resolved "https://registry.yarnpkg.com/@babel/helper-module-imports/-/helper-module-imports-7.18.6.tgz#1e3ebdbbd08aad1437b428c50204db13c5a3ca6e"
    integrity sha512-0NFvs3VkuSYbFi1x2Vd6tKrywq+z/cLeYC/RJNFrIX/30Bf5aiGYbtvGXolEktzJH8o5E5KJ3tT+nkxuuZFVlA==
    dependencies:
      "@babel/types" "^7.18.6"
  
  "@babel/helper-plugin-utils@^7.18.6":
    version "7.20.2"
    resolved "https://registry.yarnpkg.com/@babel/helper-plugin-utils/-/helper-plugin-utils-7.20.2.tgz#d1b9000752b18d0877cff85a5c376ce5c3121629"
    integrity sha512-8RvlJG2mj4huQ4pZ+rU9lqKi9ZKiRmuvGuM2HlWmkmgOhbs6zEAw6IEiJ5cQqGbDzGZOhwuOQNtZMi/ENLjZoQ==
  
  "@babel/helper-string-parser@^7.19.4":
    version "7.19.4"
    resolved "https://registry.yarnpkg.com/@babel/helper-string-parser/-/helper-string-parser-7.19.4.tgz#38d3acb654b4701a9b77fb0615a96f775c3a9e63"
    integrity sha512-nHtDoQcuqFmwYNYPz3Rah5ph2p8PFeFCsZk9A/48dPc/rGocJ5J3hAAZ7pb76VWX3fZKu+uEr/FhH5jLx7umrw==
  
  "@babel/helper-validator-identifier@^7.18.6", "@babel/helper-validator-identifier@^7.19.1":
    version "7.19.1"
    resolved "https://registry.yarnpkg.com/@babel/helper-validator-identifier/-/helper-validator-identifier-7.19.1.tgz#7eea834cf32901ffdc1a7ee555e2f9c27e249ca2"
    integrity sha512-awrNfaMtnHUr653GgGEs++LlAvW6w+DcPrOliSMXWCKo597CwL5Acf/wWdNkf/tfEQE3mjkeD1YOVZOUV/od1w==
  
  "@babel/highlight@^7.18.6":
    version "7.18.6"
    resolved "https://registry.yarnpkg.com/@babel/highlight/-/highlight-7.18.6.tgz#81158601e93e2563795adcbfbdf5d64be3f2ecdf"
    integrity sha512-u7stbOuYjaPezCuLj29hNW1v64M2Md2qupEKP1fHc7WdOA3DgLh37suiSrZYY7haUB7iBeQZ9P1uiRF359do3g==
    dependencies:
      "@babel/helper-validator-identifier" "^7.18.6"
      chalk "^2.0.0"
      js-tokens "^4.0.0"
  
  "@babel/plugin-syntax-jsx@^7.17.12":
    version "7.18.6"
    resolved "https://registry.yarnpkg.com/@babel/plugin-syntax-jsx/-/plugin-syntax-jsx-7.18.6.tgz#a8feef63b010150abd97f1649ec296e849943ca0"
    integrity sha512-6mmljtAedFGTWu2p/8WIORGwy+61PLgOMPOdazc7YoJ9ZCWUyFy3A6CpPkRKLKD1ToAesxX8KGEViAiLo9N+7Q==
    dependencies:
      "@babel/helper-plugin-utils" "^7.18.6"
  
  "@babel/runtime@^7.10.2", "@babel/runtime@^7.12.5", "@babel/runtime@^7.13.10", "@babel/runtime@^7.18.3":
    version "7.20.6"
    resolved "https://registry.yarnpkg.com/@babel/runtime/-/runtime-7.20.6.tgz#facf4879bfed9b5326326273a64220f099b0fce3"
    integrity sha512-Q+8MqP7TiHMWzSfwiJwXCjyf4GYA4Dgw3emg/7xmwsdLJOZUp+nMqcOwOzzYheuM1rhDu8FSj2l0aoMygEuXuA==
    dependencies:
      regenerator-runtime "^0.13.11"
  
  "@babel/types@^7.18.6":
    version "7.20.5"
    resolved "https://registry.yarnpkg.com/@babel/types/-/types-7.20.5.tgz#e206ae370b5393d94dfd1d04cd687cace53efa84"
    integrity sha512-c9fst/h2/dcF7H+MJKZ2T0KjEQ8hY/BNnDk/H3XY8C4Aw/eWQXWn/lWntHF9ooUBnGmEvbfGrTgLWc+um0YDUg==
    dependencies:
      "@babel/helper-string-parser" "^7.19.4"
      "@babel/helper-validator-identifier" "^7.19.1"
      to-fast-properties "^2.0.0"
  
  "@emotion/babel-plugin@^11.10.5":
    version "11.10.5"
    resolved "https://registry.yarnpkg.com/@emotion/babel-plugin/-/babel-plugin-11.10.5.tgz#65fa6e1790ddc9e23cc22658a4c5dea423c55c3c"
    integrity sha512-xE7/hyLHJac7D2Ve9dKroBBZqBT7WuPQmWcq7HSGb84sUuP4mlOWoB8dvVfD9yk5DHkU1m6RW7xSoDtnQHNQeA==
    dependencies:
      "@babel/helper-module-imports" "^7.16.7"
      "@babel/plugin-syntax-jsx" "^7.17.12"
      "@babel/runtime" "^7.18.3"
      "@emotion/hash" "^0.9.0"
      "@emotion/memoize" "^0.8.0"
      "@emotion/serialize" "^1.1.1"
      babel-plugin-macros "^3.1.0"
      convert-source-map "^1.5.0"
      escape-string-regexp "^4.0.0"
      find-root "^1.1.0"
      source-map "^0.5.7"
      stylis "4.1.3"
  
  "@emotion/cache@^11.10.5":
    version "11.10.5"
    resolved "https://registry.yarnpkg.com/@emotion/cache/-/cache-11.10.5.tgz#c142da9351f94e47527ed458f7bbbbe40bb13c12"
    integrity sha512-dGYHWyzTdmK+f2+EnIGBpkz1lKc4Zbj2KHd4cX3Wi8/OWr5pKslNjc3yABKH4adRGCvSX4VDC0i04mrrq0aiRA==
    dependencies:
      "@emotion/memoize" "^0.8.0"
      "@emotion/sheet" "^1.2.1"
      "@emotion/utils" "^1.2.0"
      "@emotion/weak-memoize" "^0.3.0"
      stylis "4.1.3"
  
  "@emotion/hash@^0.9.0":
    version "0.9.0"
    resolved "https://registry.yarnpkg.com/@emotion/hash/-/hash-0.9.0.tgz#c5153d50401ee3c027a57a177bc269b16d889cb7"
    integrity sha512-14FtKiHhy2QoPIzdTcvh//8OyBlknNs2nXRwIhG904opCby3l+9Xaf/wuPvICBF0rc1ZCNBd3nKe9cd2mecVkQ==
  
  "@emotion/memoize@^0.8.0":
    version "0.8.0"
    resolved "https://registry.yarnpkg.com/@emotion/memoize/-/memoize-0.8.0.tgz#f580f9beb67176fa57aae70b08ed510e1b18980f"
    integrity sha512-G/YwXTkv7Den9mXDO7AhLWkE3q+I92B+VqAE+dYG4NGPaHZGvt3G8Q0p9vmE+sq7rTGphUbAvmQ9YpbfMQGGlA==
  
  "@emotion/react@^11.10.5":
    version "11.10.5"
    resolved "https://registry.yarnpkg.com/@emotion/react/-/react-11.10.5.tgz#95fff612a5de1efa9c0d535384d3cfa115fe175d"
    integrity sha512-TZs6235tCJ/7iF6/rvTaOH4oxQg2gMAcdHemjwLKIjKz4rRuYe1HJ2TQJKnAcRAfOUDdU8XoDadCe1rl72iv8A==
    dependencies:
      "@babel/runtime" "^7.18.3"
      "@emotion/babel-plugin" "^11.10.5"
      "@emotion/cache" "^11.10.5"
      "@emotion/serialize" "^1.1.1"
      "@emotion/use-insertion-effect-with-fallbacks" "^1.0.0"
      "@emotion/utils" "^1.2.0"
      "@emotion/weak-memoize" "^0.3.0"
      hoist-non-react-statics "^3.3.1"
  
  "@emotion/serialize@^1.1.1":
    version "1.1.1"
    resolved "https://registry.yarnpkg.com/@emotion/serialize/-/serialize-1.1.1.tgz#0595701b1902feded8a96d293b26be3f5c1a5cf0"
    integrity sha512-Zl/0LFggN7+L1liljxXdsVSVlg6E/Z/olVWpfxUTxOAmi8NU7YoeWeLfi1RmnB2TATHoaWwIBRoL+FvAJiTUQA==
    dependencies:
      "@emotion/hash" "^0.9.0"
      "@emotion/memoize" "^0.8.0"
      "@emotion/unitless" "^0.8.0"
      "@emotion/utils" "^1.2.0"
      csstype "^3.0.2"
  
  "@emotion/sheet@^1.2.1":
    version "1.2.1"
    resolved "https://registry.yarnpkg.com/@emotion/sheet/-/sheet-1.2.1.tgz#0767e0305230e894897cadb6c8df2c51e61a6c2c"
    integrity sha512-zxRBwl93sHMsOj4zs+OslQKg/uhF38MB+OMKoCrVuS0nyTkqnau+BM3WGEoOptg9Oz45T/aIGs1qbVAsEFo3nA==
  
  "@emotion/unitless@^0.8.0":
    version "0.8.0"
    resolved "https://registry.yarnpkg.com/@emotion/unitless/-/unitless-0.8.0.tgz#a4a36e9cbdc6903737cd20d38033241e1b8833db"
    integrity sha512-VINS5vEYAscRl2ZUDiT3uMPlrFQupiKgHz5AA4bCH1miKBg4qtwkim1qPmJj/4WG6TreYMY111rEFsjupcOKHw==
  
  "@emotion/use-insertion-effect-with-fallbacks@^1.0.0":
    version "1.0.0"
    resolved "https://registry.yarnpkg.com/@emotion/use-insertion-effect-with-fallbacks/-/use-insertion-effect-with-fallbacks-1.0.0.tgz#ffadaec35dbb7885bd54de3fa267ab2f860294df"
    integrity sha512-1eEgUGmkaljiBnRMTdksDV1W4kUnmwgp7X9G8B++9GYwl1lUdqSndSriIrTJ0N7LQaoauY9JJ2yhiOYK5+NI4A==
  
  "@emotion/utils@^1.2.0":
    version "1.2.0"
    resolved "https://registry.yarnpkg.com/@emotion/utils/-/utils-1.2.0.tgz#9716eaccbc6b5ded2ea5a90d65562609aab0f561"
    integrity sha512-sn3WH53Kzpw8oQ5mgMmIzzyAaH2ZqFEbozVVBSYp538E06OSE6ytOp7pRAjNQR+Q/orwqdQYJSe2m3hCOeznkw==
  
  "@emotion/weak-memoize@^0.3.0":
    version "0.3.0"
    resolved "https://registry.yarnpkg.com/@emotion/weak-memoize/-/weak-memoize-0.3.0.tgz#ea89004119dc42db2e1dba0f97d553f7372f6fcb"
    integrity sha512-AHPmaAx+RYfZz0eYu6Gviiagpmiyw98ySSlQvCUhVGDRtDFe4DBS0x1bSjdF3gqUDYOczB+yYvBTtEylYSdRhg==
  
  "@floating-ui/core@^1.0.4":
    version "1.0.4"
    resolved "https://registry.yarnpkg.com/@floating-ui/core/-/core-1.0.4.tgz#03066eaea8e9b2a2cd3f5aaa60f1e0f580ebe88e"
    integrity sha512-FPFLbg2b06MIw1dqk2SOEMAMX3xlrreGjcui5OTxfBDtaKTmh0kioOVjT8gcfl58juawL/yF+S+gnq8aUYQx/Q==
  
  "@floating-ui/dom@^1.0.5":
    version "1.0.12"
    resolved "https://registry.yarnpkg.com/@floating-ui/dom/-/dom-1.0.12.tgz#07c870a05d9b825a6d7657524f48fe6761722800"
    integrity sha512-HeG/wHoa2laUHlDX3xkzqlUqliAfa+zqV04LaKIwNCmCNaW2p0fQi4/Kd0LB4GdFoJ2UllLFq5gWnXAd67lg7w==
    dependencies:
      "@floating-ui/core" "^1.0.4"
  
  "@floating-ui/react-dom-interactions@^0.10.1":
    version "0.10.3"
    resolved "https://registry.yarnpkg.com/@floating-ui/react-dom-interactions/-/react-dom-interactions-0.10.3.tgz#1d988aad169bf752b54c688db942f12e4fed61c5"
    integrity sha512-UEHqdnzyoiWNU5az/tAljr9iXFzN18DcvpMqW+/cXz4FEhDEB1ogLtWldOWCujLerPBnSRocADALafelOReMpw==
    dependencies:
      "@floating-ui/react-dom" "^1.0.0"
      aria-hidden "^1.1.3"
  
  "@floating-ui/react-dom@^1.0.0":
    version "1.0.1"
    resolved "https://registry.yarnpkg.com/@floating-ui/react-dom/-/react-dom-1.0.1.tgz#ee3524eab740b9380a00f4c2629a758093414325"
    integrity sha512-UW0t1Gi8ikbDRr8cQPVcqIDMBwUEENe5V4wlHWdrJ5egFnRQFBV9JirauTBFI6S8sM1qFUC1i+qa3g87E6CLTw==
    dependencies:
      "@floating-ui/dom" "^1.0.5"
  
  "@jridgewell/gen-mapping@^0.3.0":
    version "0.3.2"
    resolved "https://registry.yarnpkg.com/@jridgewell/gen-mapping/-/gen-mapping-0.3.2.tgz#c1aedc61e853f2bb9f5dfe6d4442d3b565b253b9"
    integrity sha512-mh65xKQAzI6iBcFzwv28KVWSmCkdRBWoOh+bYQGW3+6OZvbbN3TqMGo5hqYxQniRcH9F2VZIoJCm4pa3BPDK/A==
    dependencies:
      "@jridgewell/set-array" "^1.0.1"
      "@jridgewell/sourcemap-codec" "^1.4.10"
      "@jridgewell/trace-mapping" "^0.3.9"
  
  "@jridgewell/resolve-uri@3.1.0":
    version "3.1.0"
    resolved "https://registry.yarnpkg.com/@jridgewell/resolve-uri/-/resolve-uri-3.1.0.tgz#2203b118c157721addfe69d47b70465463066d78"
    integrity sha512-F2msla3tad+Mfht5cJq7LSXcdudKTWCVYUgw6pLFOOHSTtZlj6SWNYAp+AhuqLmWdBO2X5hPrLcu8cVP8fy28w==
  
  "@jridgewell/set-array@^1.0.1":
    version "1.1.2"
    resolved "https://registry.yarnpkg.com/@jridgewell/set-array/-/set-array-1.1.2.tgz#7c6cf998d6d20b914c0a55a91ae928ff25965e72"
    integrity sha512-xnkseuNADM0gt2bs+BvhO0p78Mk762YnZdsuzFV018NoG1Sj1SCQvpSqa7XUaTam5vAGasABV9qXASMKnFMwMw==
  
  "@jridgewell/source-map@^0.3.2":
    version "0.3.2"
    resolved "https://registry.yarnpkg.com/@jridgewell/source-map/-/source-map-0.3.2.tgz#f45351aaed4527a298512ec72f81040c998580fb"
    integrity sha512-m7O9o2uR8k2ObDysZYzdfhb08VuEml5oWGiosa1VdaPZ/A6QyPkAJuwN0Q1lhULOf6B7MtQmHENS743hWtCrgw==
    dependencies:
      "@jridgewell/gen-mapping" "^0.3.0"
      "@jridgewell/trace-mapping" "^0.3.9"
  
  "@jridgewell/sourcemap-codec@1.4.14", "@jridgewell/sourcemap-codec@^1.4.10":
    version "1.4.14"
    resolved "https://registry.yarnpkg.com/@jridgewell/sourcemap-codec/-/sourcemap-codec-1.4.14.tgz#add4c98d341472a289190b424efbdb096991bb24"
    integrity sha512-XPSJHWmi394fuUuzDnGz1wiKqWfo1yXecHQMRf2l6hztTO+nPru658AyDngaBe7isIxEkRsPR3FZh+s7iVa4Uw==
  
  "@jridgewell/trace-mapping@^0.3.9":
    version "0.3.17"
    resolved "https://registry.yarnpkg.com/@jridgewell/trace-mapping/-/trace-mapping-0.3.17.tgz#793041277af9073b0951a7fe0f0d8c4c98c36985"
    integrity sha512-MCNzAp77qzKca9+W/+I0+sEpaUnZoeasnghNeVc41VZCEKaCH73Vq3BZZ/SzWIgrqE4H4ceI+p+b6C0mHf9T4g==
    dependencies:
      "@jridgewell/resolve-uri" "3.1.0"
      "@jridgewell/sourcemap-codec" "1.4.14"
  
  "@lezer/common@^0.15.0", "@lezer/common@^0.15.7":
    version "0.15.12"
    resolved "https://registry.yarnpkg.com/@lezer/common/-/common-0.15.12.tgz#2f21aec551dd5fd7d24eb069f90f54d5bc6ee5e9"
    integrity sha512-edfwCxNLnzq5pBA/yaIhwJ3U3Kz8VAUOTRg0hhxaizaI1N+qxV7EXDv/kLCkLeq2RzSFvxexlaj5Mzfn2kY0Ig==
  
  "@lezer/lr@^0.15.4":
    version "0.15.8"
    resolved "https://registry.yarnpkg.com/@lezer/lr/-/lr-0.15.8.tgz#1564a911e62b0a0f75ca63794a6aa8c5dc63db21"
    integrity sha512-bM6oE6VQZ6hIFxDNKk8bKPa14hqFrV07J/vHGOeiAbJReIaQXmkVb6xQu4MR+JBTLa5arGRyAAjJe1qaQt3Uvg==
    dependencies:
      "@lezer/common" "^0.15.0"
  
  "@lmdb/lmdb-darwin-arm64@2.5.2":
    version "2.5.2"
    resolved "https://registry.yarnpkg.com/@lmdb/lmdb-darwin-arm64/-/lmdb-darwin-arm64-2.5.2.tgz#bc66fa43286b5c082e8fee0eacc17995806b6fbe"
    integrity sha512-+F8ioQIUN68B4UFiIBYu0QQvgb9FmlKw2ctQMSBfW2QBrZIxz9vD9jCGqTCPqZBRbPHAS/vG1zSXnKqnS2ch/A==
  
  "@lmdb/lmdb-darwin-x64@2.5.2":
    version "2.5.2"
    resolved "https://registry.yarnpkg.com/@lmdb/lmdb-darwin-x64/-/lmdb-darwin-x64-2.5.2.tgz#89d8390041bce6bab24a82a20392be22faf54ffc"
    integrity sha512-KvPH56KRLLx4KSfKBx0m1r7GGGUMXm0jrKmNE7plbHlesZMuPJICtn07HYgQhj1LNsK7Yqwuvnqh1QxhJnF1EA==
  
  "@lmdb/lmdb-linux-arm64@2.5.2":
    version "2.5.2"
    resolved "https://registry.yarnpkg.com/@lmdb/lmdb-linux-arm64/-/lmdb-linux-arm64-2.5.2.tgz#14fe4c96c2bb1285f93797f45915fa35ee047268"
    integrity sha512-aLl89VHL/wjhievEOlPocoefUyWdvzVrcQ/MHQYZm2JfV1jUsrbr/ZfkPPUFvZBf+VSE+Q0clWs9l29PCX1hTQ==
  
  "@lmdb/lmdb-linux-arm@2.5.2":
    version "2.5.2"
    resolved "https://registry.yarnpkg.com/@lmdb/lmdb-linux-arm/-/lmdb-linux-arm-2.5.2.tgz#05bde4573ab10cf21827339fe687148f2590cfa1"
    integrity sha512-5kQAP21hAkfW5Bl+e0P57dV4dGYnkNIpR7f/GAh6QHlgXx+vp/teVj4PGRZaKAvt0GX6++N6hF8NnGElLDuIDw==
  
  "@lmdb/lmdb-linux-x64@2.5.2":
    version "2.5.2"
    resolved "https://registry.yarnpkg.com/@lmdb/lmdb-linux-x64/-/lmdb-linux-x64-2.5.2.tgz#d2f85afd857d2c33d2caa5b057944574edafcfee"
    integrity sha512-xUdUfwDJLGjOUPH3BuPBt0NlIrR7f/QHKgu3GZIXswMMIihAekj2i97oI0iWG5Bok/b+OBjHPfa8IU9velnP/Q==
  
  "@lmdb/lmdb-win32-x64@2.5.2":
    version "2.5.2"
    resolved "https://registry.yarnpkg.com/@lmdb/lmdb-win32-x64/-/lmdb-win32-x64-2.5.2.tgz#28f643fbc0bec30b07fbe95b137879b6b4d1c9c5"
    integrity sha512-zrBczSbXKxEyK2ijtbRdICDygRqWSRPpZMN5dD1T8VMEW5RIhIbwFWw2phDRXuBQdVDpSjalCIUMWMV2h3JaZA==
  
  "@mantine/core@^5.9.5":
    version "5.9.5"
    resolved "https://registry.yarnpkg.com/@mantine/core/-/core-5.9.5.tgz#4dda2c1297d74ff319350956bae0332b317ebde3"
    integrity sha512-A3cYzGOJ9BpU6tgqTl8qzOe8mmqzvuB76N6IHsPjk+uhbQCBXuNaoxOemP0wEM4HpEAzH1FR1kGhk6tO3gogUA==
    dependencies:
      "@floating-ui/react-dom-interactions" "^0.10.1"
      "@mantine/styles" "5.9.5"
      "@mantine/utils" "5.9.5"
      "@radix-ui/react-scroll-area" "1.0.2"
      react-textarea-autosize "8.3.4"
  
  "@mantine/hooks@^5.9.5":
    version "5.9.5"
    resolved "https://registry.yarnpkg.com/@mantine/hooks/-/hooks-5.9.5.tgz#924fc01242e89a6630ae4d5f7c2208ddf7796160"
    integrity sha512-6u0oj5zFYAP8bY+iW5Y5HEFS6tZmvJN5KwNPH+F2Omw61hN7shehHED7Jbe5zkxcggFvqmkA/6FMk+VYfovmkA==
  
  "@mantine/styles@5.9.5":
    version "5.9.5"
    resolved "https://registry.yarnpkg.com/@mantine/styles/-/styles-5.9.5.tgz#921a443e5101c2e9887b2559e68c487f0e7a9a7c"
    integrity sha512-Rixu60eVS9aP8ugTM0Yoc5MpXXsfemRlu2PDZGL0fhcOyUYHi5mXvlhgxqrET3zkFrBJ+PHuPLQBgBimffGqiw==
    dependencies:
      clsx "1.1.1"
      csstype "3.0.9"
  
  "@mantine/utils@5.9.5":
    version "5.9.5"
    resolved "https://registry.yarnpkg.com/@mantine/utils/-/utils-5.9.5.tgz#9b56c899e479c90abecc096eb8543b93bdc52938"
    integrity sha512-OtMOvXMyqpZ+Tz25DYRwRkvERvmF4L0RJiq+JnXk+1yKDvG+JZQuMMLnt0nZ81T6q7uzDSA29cJ45syHL2BXmQ==
  
  "@mischnic/json-sourcemap@^0.1.0":
    version "0.1.0"
    resolved "https://registry.yarnpkg.com/@mischnic/json-sourcemap/-/json-sourcemap-0.1.0.tgz#38af657be4108140a548638267d02a2ea3336507"
    integrity sha512-dQb3QnfNqmQNYA4nFSN/uLaByIic58gOXq4Y4XqLOWmOrw73KmJPt/HLyG0wvn1bnR6mBKs/Uwvkh+Hns1T0XA==
    dependencies:
      "@lezer/common" "^0.15.7"
      "@lezer/lr" "^0.15.4"
      json5 "^2.2.1"
  
  "@msgpackr-extract/msgpackr-extract-darwin-arm64@2.2.0":
    version "2.2.0"
    resolved "https://registry.yarnpkg.com/@msgpackr-extract/msgpackr-extract-darwin-arm64/-/msgpackr-extract-darwin-arm64-2.2.0.tgz#901c5937e1441572ea23e631fe6deca68482fe76"
    integrity sha512-Z9LFPzfoJi4mflGWV+rv7o7ZbMU5oAU9VmzCgL240KnqDW65Y2HFCT3MW06/ITJSnbVLacmcEJA8phywK7JinQ==
  
  "@msgpackr-extract/msgpackr-extract-darwin-x64@2.2.0":
    version "2.2.0"
    resolved "https://registry.yarnpkg.com/@msgpackr-extract/msgpackr-extract-darwin-x64/-/msgpackr-extract-darwin-x64-2.2.0.tgz#fb877fe6bae3c4d3cea29786737840e2ae689066"
    integrity sha512-vq0tT8sjZsy4JdSqmadWVw6f66UXqUCabLmUVHZwUFzMgtgoIIQjT4VVRHKvlof3P/dMCkbMJ5hB1oJ9OWHaaw==
  
  "@msgpackr-extract/msgpackr-extract-linux-arm64@2.2.0":
    version "2.2.0"
    resolved "https://registry.yarnpkg.com/@msgpackr-extract/msgpackr-extract-linux-arm64/-/msgpackr-extract-linux-arm64-2.2.0.tgz#986179c38b10ac41fbdaf7d036c825cbc72855d9"
    integrity sha512-hlxxLdRmPyq16QCutUtP8Tm6RDWcyaLsRssaHROatgnkOxdleMTgetf9JsdncL8vLh7FVy/RN9i3XR5dnb9cRA==
  
  "@msgpackr-extract/msgpackr-extract-linux-arm@2.2.0":
    version "2.2.0"
    resolved "https://registry.yarnpkg.com/@msgpackr-extract/msgpackr-extract-linux-arm/-/msgpackr-extract-linux-arm-2.2.0.tgz#15f2c6fe9e0adc06c21af7e95f484ff4880d79ce"
    integrity sha512-SaJ3Qq4lX9Syd2xEo9u3qPxi/OB+5JO/ngJKK97XDpa1C587H9EWYO6KD8995DAjSinWvdHKRrCOXVUC5fvGOg==
  
  "@msgpackr-extract/msgpackr-extract-linux-x64@2.2.0":
    version "2.2.0"
    resolved "https://registry.yarnpkg.com/@msgpackr-extract/msgpackr-extract-linux-x64/-/msgpackr-extract-linux-x64-2.2.0.tgz#30cae5c9a202f3e1fa1deb3191b18ffcb2f239a2"
    integrity sha512-94y5PJrSOqUNcFKmOl7z319FelCLAE0rz/jPCWS+UtdMZvpa4jrQd+cJPQCLp2Fes1yAW/YUQj/Di6YVT3c3Iw==
  
  "@msgpackr-extract/msgpackr-extract-win32-x64@2.2.0":
    version "2.2.0"
    resolved "https://registry.yarnpkg.com/@msgpackr-extract/msgpackr-extract-win32-x64/-/msgpackr-extract-win32-x64-2.2.0.tgz#016d855b6bc459fd908095811f6826e45dd4ba64"
    integrity sha512-XrC0JzsqQSvOyM3t04FMLO6z5gCuhPE6k4FXuLK5xf52ZbdvcFe1yBmo7meCew9B8G2f0T9iu9t3kfTYRYROgA==
  
  "@parcel/bundler-default@2.8.2":
    version "2.8.2"
    resolved "https://registry.yarnpkg.com/@parcel/bundler-default/-/bundler-default-2.8.2.tgz#7340866cd612aece575489d16bf97325fd699b7f"
    integrity sha512-/7ao0vc/v8WGHZaS1SyS5R8wzqmmXEr9mhIIB2cbLQ4LA2WUtKsYcvZ2gjJuiAAN1CHC6GxqwYjIJScQCk/QXg==
    dependencies:
      "@parcel/diagnostic" "2.8.2"
      "@parcel/graph" "2.8.2"
      "@parcel/hash" "2.8.2"
      "@parcel/plugin" "2.8.2"
      "@parcel/utils" "2.8.2"
      nullthrows "^1.1.1"
  
  "@parcel/cache@2.8.2":
    version "2.8.2"
    resolved "https://registry.yarnpkg.com/@parcel/cache/-/cache-2.8.2.tgz#64ab1a4ecc20033b7d20a72ddd8898fea035e553"
    integrity sha512-kiyoOgh1RXp5qp+wlb8Pi/Z7o9D82Oj5RlHnKSAauyR7jgnI8Vq8JTeBmlLqrf+kHxcDcp2p86hidSeANhlQNg==
    dependencies:
      "@parcel/fs" "2.8.2"
      "@parcel/logger" "2.8.2"
      "@parcel/utils" "2.8.2"
      lmdb "2.5.2"
  
  "@parcel/codeframe@2.8.2":
    version "2.8.2"
    resolved "https://registry.yarnpkg.com/@parcel/codeframe/-/codeframe-2.8.2.tgz#a170050404792acb6d9beac931b5ece25e3fc0b9"
    integrity sha512-U2GT9gq1Zs3Gr83j8JIs10bLbGOHFl57Y8D57nrdR05F4iilV/UR6K7jkhdoiFc9WiHh3ewvrko5+pSdAVFPgQ==
    dependencies:
      chalk "^4.1.0"
  
  "@parcel/compressor-raw@2.8.2":
    version "2.8.2"
    resolved "https://registry.yarnpkg.com/@parcel/compressor-raw/-/compressor-raw-2.8.2.tgz#8b21b958416185a55ecd301ddf92ba6aded8c082"
    integrity sha512-EFPTer/P+3axifH6LtYHS3E6ABgdZnjZomJZ/Nl19lypZh/NgZzmMZlINlEVqyYhCggoKfXzgeTgkIHPN2d5Vw==
    dependencies:
      "@parcel/plugin" "2.8.2"
  
  "@parcel/config-default@2.8.2":
    version "2.8.2"
    resolved "https://registry.yarnpkg.com/@parcel/config-default/-/config-default-2.8.2.tgz#2f96207f84bdd155cf4bfd02f10519b2ec33449a"
    integrity sha512-1ELJAHx37fKSZZkYKWy6UdcuLRv5vrZJc89tVS6eRvvMt+udbIoSgIUzPXu7XemkcchF7Tryw3u2pRyxyLyL3w==
    dependencies:
      "@parcel/bundler-default" "2.8.2"
      "@parcel/compressor-raw" "2.8.2"
      "@parcel/namer-default" "2.8.2"
      "@parcel/optimizer-css" "2.8.2"
      "@parcel/optimizer-htmlnano" "2.8.2"
      "@parcel/optimizer-image" "2.8.2"
      "@parcel/optimizer-svgo" "2.8.2"
      "@parcel/optimizer-terser" "2.8.2"
      "@parcel/packager-css" "2.8.2"
      "@parcel/packager-html" "2.8.2"
      "@parcel/packager-js" "2.8.2"
      "@parcel/packager-raw" "2.8.2"
      "@parcel/packager-svg" "2.8.2"
      "@parcel/reporter-dev-server" "2.8.2"
      "@parcel/resolver-default" "2.8.2"
      "@parcel/runtime-browser-hmr" "2.8.2"
      "@parcel/runtime-js" "2.8.2"
      "@parcel/runtime-react-refresh" "2.8.2"
      "@parcel/runtime-service-worker" "2.8.2"
      "@parcel/transformer-babel" "2.8.2"
      "@parcel/transformer-css" "2.8.2"
      "@parcel/transformer-html" "2.8.2"
      "@parcel/transformer-image" "2.8.2"
      "@parcel/transformer-js" "2.8.2"
      "@parcel/transformer-json" "2.8.2"
      "@parcel/transformer-postcss" "2.8.2"
      "@parcel/transformer-posthtml" "2.8.2"
      "@parcel/transformer-raw" "2.8.2"
      "@parcel/transformer-react-refresh-wrap" "2.8.2"
      "@parcel/transformer-svg" "2.8.2"
  
  "@parcel/core@2.8.2":
    version "2.8.2"
    resolved "https://registry.yarnpkg.com/@parcel/core/-/core-2.8.2.tgz#9ee5a0b18337885dc0893958f9e4190cb599200a"
    integrity sha512-ZGuq6p+Lzx6fgufaVsuOBwgpU3hgskTvIDIMdIDi9gOZyhGPK7U2srXdX+VYUL5ZSGbX04/P6QlB9FMAXK+nEg==
    dependencies:
      "@mischnic/json-sourcemap" "^0.1.0"
      "@parcel/cache" "2.8.2"
      "@parcel/diagnostic" "2.8.2"
      "@parcel/events" "2.8.2"
      "@parcel/fs" "2.8.2"
      "@parcel/graph" "2.8.2"
      "@parcel/hash" "2.8.2"
      "@parcel/logger" "2.8.2"
      "@parcel/package-manager" "2.8.2"
      "@parcel/plugin" "2.8.2"
      "@parcel/source-map" "^2.1.1"
      "@parcel/types" "2.8.2"
      "@parcel/utils" "2.8.2"
      "@parcel/workers" "2.8.2"
      abortcontroller-polyfill "^1.1.9"
      base-x "^3.0.8"
      browserslist "^4.6.6"
      clone "^2.1.1"
      dotenv "^7.0.0"
      dotenv-expand "^5.1.0"
      json5 "^2.2.0"
      msgpackr "^1.5.4"
      nullthrows "^1.1.1"
      semver "^5.7.1"
  
  "@parcel/diagnostic@2.8.2":
    version "2.8.2"
    resolved "https://registry.yarnpkg.com/@parcel/diagnostic/-/diagnostic-2.8.2.tgz#7a6ca8c537cd59570ebc44615e1637cfd9675698"
    integrity sha512-tGSMwM2rSYLjJW0fCd9gb3tNjfCX/83PZ10/5u2E33UZVkk8OIHsQmsrtq2H2g4oQL3rFxkfEx6nGPDGHwlx7A==
    dependencies:
      "@mischnic/json-sourcemap" "^0.1.0"
      nullthrows "^1.1.1"
  
  "@parcel/events@2.8.2":
    version "2.8.2"
    resolved "https://registry.yarnpkg.com/@parcel/events/-/events-2.8.2.tgz#9ef8d93f1a41369ac1685a1e2bbef7b76390259c"
    integrity sha512-o5etrsKm16y8iRPnjtEBNy4lD0WAigD66yt/RZl9Rx0vPVDly/63Rr9+BrXWVW7bJ7x0S0VVpWW4j3f/qZOsXg==
  
  "@parcel/fs-search@2.8.2":
    version "2.8.2"
    resolved "https://registry.yarnpkg.com/@parcel/fs-search/-/fs-search-2.8.2.tgz#6d68fedac193ef1ab28d3bf4cb69a4c03f44b9a8"
    integrity sha512-ovQnupRm/MoE/tbgH0Ivknk0QYenXAewjcog+T5umDmUlTmnIRZjURrgDf5Xtw8T/CD5Xv+HmIXpJ9Ez/LzJpw==
    dependencies:
      detect-libc "^1.0.3"
  
  "@parcel/fs@2.8.2":
    version "2.8.2"
    resolved "https://registry.yarnpkg.com/@parcel/fs/-/fs-2.8.2.tgz#380b76962f908cafec1fda6d4bb6ccda450325ab"
    integrity sha512-aN8znbMndSqn1xwZEmMblzqmJsxcExv2jKLl/a9RUHAP7LaPYcPZIykDL3YwGCiKTCzjmRpXnNoyosjFFeBaHA==
    dependencies:
      "@parcel/fs-search" "2.8.2"
      "@parcel/types" "2.8.2"
      "@parcel/utils" "2.8.2"
      "@parcel/watcher" "^2.0.7"
      "@parcel/workers" "2.8.2"
  
  "@parcel/graph@2.8.2":
    version "2.8.2"
    resolved "https://registry.yarnpkg.com/@parcel/graph/-/graph-2.8.2.tgz#f5bb5664f50f6dcb435beb75d0e663879fce890d"
    integrity sha512-SLEvBQBgfkXgU4EBu30+CNanpuKjcNuEv/x8SwobCF0i3Rk+QKbe7T36bNR7727mao++2Ha69q93Dd9dTPw0kQ==
    dependencies:
      nullthrows "^1.1.1"
  
  "@parcel/hash@2.8.2":
    version "2.8.2"
    resolved "https://registry.yarnpkg.com/@parcel/hash/-/hash-2.8.2.tgz#f621431391cf873139125bacd4617c493c737cd7"
    integrity sha512-NBnP8Hu0xvAqAfZXRaMM66i8nJyxpKS86BbhwkbgTGbwO1OY87GERliHeREJfcER0E0ZzwNow7MNR8ZDm6IvJQ==
    dependencies:
      detect-libc "^1.0.3"
      xxhash-wasm "^0.4.2"
  
  "@parcel/logger@2.8.2":
    version "2.8.2"
    resolved "https://registry.yarnpkg.com/@parcel/logger/-/logger-2.8.2.tgz#21df19cf2a084d247199b71a01511560a7ba98fc"
    integrity sha512-zlhK6QHxfFJMlVJxxcCw0xxBDrYPFPOhMxSD6p6b0z9Yct1l3NdpmfabgjKX8wnZmHokFsil6daleM+M80n2Ew==
    dependencies:
      "@parcel/diagnostic" "2.8.2"
      "@parcel/events" "2.8.2"
  
  "@parcel/markdown-ansi@2.8.2":
    version "2.8.2"
    resolved "https://registry.yarnpkg.com/@parcel/markdown-ansi/-/markdown-ansi-2.8.2.tgz#cb453c70de9c1ea85e2650fb46abbdf2ccbafa9e"
    integrity sha512-5y29TXgRgG0ybuXaDsDk4Aofg/nDUeAAyVl9/toYCDDhxpQV4yZt8WNPu4PaNYKGLuNgXwsmz+ryZQHGmfbAIQ==
    dependencies:
      chalk "^4.1.0"
  
  "@parcel/namer-default@2.8.2":
    version "2.8.2"
    resolved "https://registry.yarnpkg.com/@parcel/namer-default/-/namer-default-2.8.2.tgz#4106cffaa48359ce1ad4e504497a6d7d8db7935e"
    integrity sha512-sMLW/bDWXA6IE7TQKOsBnA5agZGNvZ9qIXKZEUTsTloUjMdAWI8NYA1s0i9HovnGxI5uGlgevrftK4S5V4AdkA==
    dependencies:
      "@parcel/diagnostic" "2.8.2"
      "@parcel/plugin" "2.8.2"
      nullthrows "^1.1.1"
  
  "@parcel/node-resolver-core@2.8.2":
    version "2.8.2"
    resolved "https://registry.yarnpkg.com/@parcel/node-resolver-core/-/node-resolver-core-2.8.2.tgz#5113e476367aa9e48a021d13624e0d5ca68cb42f"
    integrity sha512-D/NJEz/h/C3RmUOWSTg0cLwG3uRVHY9PL+3YGO/c8tKu8PlS2j55XtntdiVfwkK+P6avLCnrJnv/gwTa79dOPw==
    dependencies:
      "@parcel/diagnostic" "2.8.2"
      "@parcel/utils" "2.8.2"
      nullthrows "^1.1.1"
      semver "^5.7.1"
  
  "@parcel/optimizer-css@2.8.2":
    version "2.8.2"
    resolved "https://registry.yarnpkg.com/@parcel/optimizer-css/-/optimizer-css-2.8.2.tgz#3d3be3303db776cc9acbcc82d9e0a8b6d67cde5c"
    integrity sha512-pQEuKhk0PJuYI3hrXlf4gpuuPy+MZUDzC44ulQM7kVcVJ0OofuJQQeHfTLE+v5wClFDd29ZQZ7RsLP5RyUQ+Lg==
    dependencies:
      "@parcel/diagnostic" "2.8.2"
      "@parcel/plugin" "2.8.2"
      "@parcel/source-map" "^2.1.1"
      "@parcel/utils" "2.8.2"
      browserslist "^4.6.6"
      lightningcss "^1.16.1"
      nullthrows "^1.1.1"
  
  "@parcel/optimizer-htmlnano@2.8.2":
    version "2.8.2"
    resolved "https://registry.yarnpkg.com/@parcel/optimizer-htmlnano/-/optimizer-htmlnano-2.8.2.tgz#988c3bf6a7ca513ab8d0a3e41bbe1204eb27187c"
    integrity sha512-4+3wi+Yi+hsf5/LolX59JXFe/7bLpI6NetUBgtoxOVm/EzFg1NGSNOcrthzEcgGj6+MMSdzBAxRTPObAfDxJCA==
    dependencies:
      "@parcel/plugin" "2.8.2"
      htmlnano "^2.0.0"
      nullthrows "^1.1.1"
      posthtml "^0.16.5"
      svgo "^2.4.0"
  
  "@parcel/optimizer-image@2.8.2":
    version "2.8.2"
    resolved "https://registry.yarnpkg.com/@parcel/optimizer-image/-/optimizer-image-2.8.2.tgz#5d44a0b658db5a0ab7749edbe29ce118d5e09011"
    integrity sha512-/ICYG0smbMkli+su4m/ENQPxQDCPYYTJTjseKwl+t1vyj6wqNF99mNI4c0RE2TIPuDneGwSz7PlHhC2JmdgxfQ==
    dependencies:
      "@parcel/diagnostic" "2.8.2"
      "@parcel/plugin" "2.8.2"
      "@parcel/utils" "2.8.2"
      "@parcel/workers" "2.8.2"
      detect-libc "^1.0.3"
  
  "@parcel/optimizer-svgo@2.8.2":
    version "2.8.2"
    resolved "https://registry.yarnpkg.com/@parcel/optimizer-svgo/-/optimizer-svgo-2.8.2.tgz#057c245900640b9e4f0f6f1a96d7ae6b4185ce17"
    integrity sha512-nFWyM+CBtgBixqknpbN4R92v8PK7Gjlrsb8vxN/IIr/3Pjk+DfoT51DnynhU7AixvDylYkgjjqrQ7uFYYl0OKA==
    dependencies:
      "@parcel/diagnostic" "2.8.2"
      "@parcel/plugin" "2.8.2"
      "@parcel/utils" "2.8.2"
      svgo "^2.4.0"
  
  "@parcel/optimizer-terser@2.8.2":
    version "2.8.2"
    resolved "https://registry.yarnpkg.com/@parcel/optimizer-terser/-/optimizer-terser-2.8.2.tgz#9126bf66bc4d88fe5b2325eafd6fcbc431e5a284"
    integrity sha512-jFAOh9WaO6oNc8B9qDsCWzNkH7nYlpvaPn0w3ZzpMDi0HWD+w+xgO737rWLJWZapqUDSOs0Q/hDFEZ82/z0yxA==
    dependencies:
      "@parcel/diagnostic" "2.8.2"
      "@parcel/plugin" "2.8.2"
      "@parcel/source-map" "^2.1.1"
      "@parcel/utils" "2.8.2"
      nullthrows "^1.1.1"
      terser "^5.2.0"
  
  "@parcel/package-manager@2.8.2":
    version "2.8.2"
    resolved "https://registry.yarnpkg.com/@parcel/package-manager/-/package-manager-2.8.2.tgz#fd7886bb4f828929ffed93cfc345cf160b540d4c"
    integrity sha512-hx4Imi0yhsSS0aNZkEANPYNNKqBuR63EUNWSxMyHh4ZOvbHoOXnMn1ySGdx6v0oi9HvKymNsLMQ1T5CuI4l4Bw==
    dependencies:
      "@parcel/diagnostic" "2.8.2"
      "@parcel/fs" "2.8.2"
      "@parcel/logger" "2.8.2"
      "@parcel/types" "2.8.2"
      "@parcel/utils" "2.8.2"
      "@parcel/workers" "2.8.2"
      semver "^5.7.1"
  
  "@parcel/packager-css@2.8.2":
    version "2.8.2"
    resolved "https://registry.yarnpkg.com/@parcel/packager-css/-/packager-css-2.8.2.tgz#f7a07aa9625edbaf0c5c07ee8b5be77ab64cc0d7"
    integrity sha512-l2fR5qr1moUWLOqQZPxtH6DBKbaKcxzEPAmQ+f15dHt8eQxU15MyQ4DHX41b5B7HwaumgCqe0NkuTF3DedpJKg==
    dependencies:
      "@parcel/plugin" "2.8.2"
      "@parcel/source-map" "^2.1.1"
      "@parcel/utils" "2.8.2"
      nullthrows "^1.1.1"
  
  "@parcel/packager-html@2.8.2":
    version "2.8.2"
    resolved "https://registry.yarnpkg.com/@parcel/packager-html/-/packager-html-2.8.2.tgz#17b47368aebf675c906d036b4ac245ceab39102a"
    integrity sha512-/oiTsKZ5OyF9OwAVGHANNuW2TB3k3cVub1QfttSKJgG3sAhrOifb1dP8zBHMxvUrB0CJdYhGlgi1Jth9kjACCg==
    dependencies:
      "@parcel/plugin" "2.8.2"
      "@parcel/types" "2.8.2"
      "@parcel/utils" "2.8.2"
      nullthrows "^1.1.1"
      posthtml "^0.16.5"
  
  "@parcel/packager-js@2.8.2":
    version "2.8.2"
    resolved "https://registry.yarnpkg.com/@parcel/packager-js/-/packager-js-2.8.2.tgz#5378107d81847c654f1c3534b4638470a21c4419"
    integrity sha512-48LtHP4lJn8J1aBeD4Ix/YjsRxrBUkzbx7czdUeRh2PlCqY4wwIhciVlEFipj/ANr3ieSX44lXyVPk/ttnSdrw==
    dependencies:
      "@parcel/diagnostic" "2.8.2"
      "@parcel/hash" "2.8.2"
      "@parcel/plugin" "2.8.2"
      "@parcel/source-map" "^2.1.1"
      "@parcel/utils" "2.8.2"
      globals "^13.2.0"
      nullthrows "^1.1.1"
  
  "@parcel/packager-raw@2.8.2":
    version "2.8.2"
    resolved "https://registry.yarnpkg.com/@parcel/packager-raw/-/packager-raw-2.8.2.tgz#380b91e52f37f41686370bb8ea9ffa9583f380a9"
    integrity sha512-dGonfFptNV1lgqKaD17ecXBUyIfoG6cJI1cCE1sSoYCEt7r+Rq56X/Gq8oiA3+jjMC7QTls+SmFeMZh26fl77Q==
    dependencies:
      "@parcel/plugin" "2.8.2"
  
  "@parcel/packager-svg@2.8.2":
    version "2.8.2"
    resolved "https://registry.yarnpkg.com/@parcel/packager-svg/-/packager-svg-2.8.2.tgz#bf002babdb061f045bf98736b08f4b8d6cc17ecf"
    integrity sha512-k7LymTJ4XQA+UcPwFYqJfWs5/Awa4GirNxRWfiFflLqH3F1XvMiKSCIQXmrDM6IaeIqqDDsu6+P5U6YDAzzM3A==
    dependencies:
      "@parcel/plugin" "2.8.2"
      "@parcel/types" "2.8.2"
      "@parcel/utils" "2.8.2"
      posthtml "^0.16.4"
  
  "@parcel/plugin@2.8.2":
    version "2.8.2"
    resolved "https://registry.yarnpkg.com/@parcel/plugin/-/plugin-2.8.2.tgz#f8d147cf32e52f7feff245d64d640890a18a6fd9"
    integrity sha512-YG7TWfKsoNm72jbz3b3TLec0qJHVkuAWSzGzowdIhX37cP1kRfp6BU2VcH+qYPP/KYJLzhcZa9n3by147mGcxw==
    dependencies:
      "@parcel/types" "2.8.2"
  
  "@parcel/reporter-cli@2.8.2":
    version "2.8.2"
    resolved "https://registry.yarnpkg.com/@parcel/reporter-cli/-/reporter-cli-2.8.2.tgz#bfd63b8bfb0bd72e483f4de496af6dc8e819a97e"
    integrity sha512-OIRlBqpKqPpMWRHATT8az8fUAqfceLWlWqgX/CW5cG1i6gefbBWFq2qYxDVBEk1bPDLIUCtqNLhfO8hLyweMjA==
    dependencies:
      "@parcel/plugin" "2.8.2"
      "@parcel/types" "2.8.2"
      "@parcel/utils" "2.8.2"
      chalk "^4.1.0"
      term-size "^2.2.1"
  
  "@parcel/reporter-dev-server@2.8.2":
    version "2.8.2"
    resolved "https://registry.yarnpkg.com/@parcel/reporter-dev-server/-/reporter-dev-server-2.8.2.tgz#f822e694ba9cbfce52ee2b4157b186819c48ce40"
    integrity sha512-A16pAQSAT8Yilo1yCPZcrtWbRhwyiMopEz0mOyGobA1ZDy6B3j4zjobIWzdPQCSIY7+v44vtWMDGbdGrxt6M1Q==
    dependencies:
      "@parcel/plugin" "2.8.2"
      "@parcel/utils" "2.8.2"
  
  "@parcel/resolver-default@2.8.2":
    version "2.8.2"
    resolved "https://registry.yarnpkg.com/@parcel/resolver-default/-/resolver-default-2.8.2.tgz#8a3e9721c82951700e3cc974c2a482f1d52a44e0"
    integrity sha512-mlowJMjFjyps9my8wd13kgeExJ5EgkPAuIxRSSWW+GPR7N3uA5DBJ+SB/CzdhCkPrXR6kwVWxNkkOch38pzOQQ==
    dependencies:
      "@parcel/node-resolver-core" "2.8.2"
      "@parcel/plugin" "2.8.2"
  
  "@parcel/runtime-browser-hmr@2.8.2":
    version "2.8.2"
    resolved "https://registry.yarnpkg.com/@parcel/runtime-browser-hmr/-/runtime-browser-hmr-2.8.2.tgz#b927aeba5bf76ec43731caf9c11cd09f504304e1"
    integrity sha512-VRM8mxakMglqRB0f5eAuwCigjJ5vlaJMwHy+JuzOsn/yVSELOb+6psRKl2B9hhxp9sJPt4IU6KDdH2IOrgx87Q==
    dependencies:
      "@parcel/plugin" "2.8.2"
      "@parcel/utils" "2.8.2"
  
  "@parcel/runtime-js@2.8.2":
    version "2.8.2"
    resolved "https://registry.yarnpkg.com/@parcel/runtime-js/-/runtime-js-2.8.2.tgz#f5a221df97c35c5660d2d9e3f5da607ba24e5276"
    integrity sha512-Vk3Gywn2M9qP5X4lF6tu8QXP4xNI90UOSOhKHQ9W5pCu+zvD0Gdvu7qwQPFuFjIAq08xU7+PvZzGnlnM+8NyRw==
    dependencies:
      "@parcel/plugin" "2.8.2"
      "@parcel/utils" "2.8.2"
      nullthrows "^1.1.1"
  
  "@parcel/runtime-react-refresh@2.8.2":
    version "2.8.2"
    resolved "https://registry.yarnpkg.com/@parcel/runtime-react-refresh/-/runtime-react-refresh-2.8.2.tgz#107eed92bc5b3ac30ddeb45489b7813720c415e6"
    integrity sha512-JjaMvBVx6v0zB1KHa7AopciIsl3FpjUMttr2tb6L7lzocti2muQGE6GBfinXOmD5oERwCf8HwGJ8SNFcIF0rKA==
    dependencies:
      "@parcel/plugin" "2.8.2"
      "@parcel/utils" "2.8.2"
      react-error-overlay "6.0.9"
      react-refresh "^0.9.0"
  
  "@parcel/runtime-service-worker@2.8.2":
    version "2.8.2"
    resolved "https://registry.yarnpkg.com/@parcel/runtime-service-worker/-/runtime-service-worker-2.8.2.tgz#f8d2d5665cdb49a423efdf4079f436d3598e5775"
    integrity sha512-KSxbOKV8nuH5JjFvcUlCtBYnVVlmxreXpMxRUPphPwJnyxRGA4E0jofbQxWY5KPgp7x/ZnZU/nyzCvqURH3kHA==
    dependencies:
      "@parcel/plugin" "2.8.2"
      "@parcel/utils" "2.8.2"
      nullthrows "^1.1.1"
  
  "@parcel/source-map@^2.1.1":
    version "2.1.1"
    resolved "https://registry.yarnpkg.com/@parcel/source-map/-/source-map-2.1.1.tgz#fb193b82dba6dd62cc7a76b326f57bb35000a782"
    integrity sha512-Ejx1P/mj+kMjQb8/y5XxDUn4reGdr+WyKYloBljpppUy8gs42T+BNoEOuRYqDVdgPc6NxduzIDoJS9pOFfV5Ew==
    dependencies:
      detect-libc "^1.0.3"
  
  "@parcel/transformer-babel@2.8.2":
    version "2.8.2"
    resolved "https://registry.yarnpkg.com/@parcel/transformer-babel/-/transformer-babel-2.8.2.tgz#277416b6bb4e691869e3c7f9dff0abeec4462841"
    integrity sha512-oL2BpvrPMwFiU9jUZ9UYGD1gRgvq9jLsOq+/PJl4GvPbOBVedIBE2nbHP/mYuWRpRnTTTiJQ/ItyOS0R2VQl7A==
    dependencies:
      "@parcel/diagnostic" "2.8.2"
      "@parcel/plugin" "2.8.2"
      "@parcel/source-map" "^2.1.1"
      "@parcel/utils" "2.8.2"
      browserslist "^4.6.6"
      json5 "^2.2.0"
      nullthrows "^1.1.1"
      semver "^5.7.0"
  
  "@parcel/transformer-css@2.8.2":
    version "2.8.2"
    resolved "https://registry.yarnpkg.com/@parcel/transformer-css/-/transformer-css-2.8.2.tgz#c00b48657a7fe35701686972f68633c72259cf87"
    integrity sha512-q8UDlX/TTCbuFBMU45q12/p92JNIz8MHkkH104dWDzXbRtvMKMg8jgNmr8S2bouZjtXMsSb2c54EO88DSM9G4A==
    dependencies:
      "@parcel/diagnostic" "2.8.2"
      "@parcel/plugin" "2.8.2"
      "@parcel/source-map" "^2.1.1"
      "@parcel/utils" "2.8.2"
      browserslist "^4.6.6"
      lightningcss "^1.16.1"
      nullthrows "^1.1.1"
  
  "@parcel/transformer-html@2.8.2":
    version "2.8.2"
    resolved "https://registry.yarnpkg.com/@parcel/transformer-html/-/transformer-html-2.8.2.tgz#1d37fd56cde779d8a6f2074dfa55d051a17a27a4"
    integrity sha512-QDgDw6+DAcllaRQiRteMX0VgPIsxRUTXFS8jcXhbGio41LbUkLcT09M04L/cfJAAzvIKhXqiOxfNnyajTvCPDQ==
    dependencies:
      "@parcel/diagnostic" "2.8.2"
      "@parcel/hash" "2.8.2"
      "@parcel/plugin" "2.8.2"
      nullthrows "^1.1.1"
      posthtml "^0.16.5"
      posthtml-parser "^0.10.1"
      posthtml-render "^3.0.0"
      semver "^5.7.1"
  
  "@parcel/transformer-image@2.8.2":
    version "2.8.2"
    resolved "https://registry.yarnpkg.com/@parcel/transformer-image/-/transformer-image-2.8.2.tgz#3072081c21a1de9a1c3a5c0fed7d5def65f1338d"
    integrity sha512-B/D9v/BVyN5jxoi+wHPbIRfMIylmC6adp8GP+BtChjbuRjukgGT8RlAVz4vDm1l0bboeyPL2IuoWRQgXKGuPVg==
    dependencies:
      "@parcel/plugin" "2.8.2"
      "@parcel/utils" "2.8.2"
      "@parcel/workers" "2.8.2"
      nullthrows "^1.1.1"
  
  "@parcel/transformer-js@2.8.2":
    version "2.8.2"
    resolved "https://registry.yarnpkg.com/@parcel/transformer-js/-/transformer-js-2.8.2.tgz#cb7b954836011656f1807b2da1900377ebd16df6"
    integrity sha512-mLksi6gu/20JdCFDNPl7Y0HTwJOAvf2ybC2HaJcy69PJCeUrrstgiFTjsCwv1eKcesgEHi9kKX+sMHVAH3B/dA==
    dependencies:
      "@parcel/diagnostic" "2.8.2"
      "@parcel/plugin" "2.8.2"
      "@parcel/source-map" "^2.1.1"
      "@parcel/utils" "2.8.2"
      "@parcel/workers" "2.8.2"
      "@swc/helpers" "^0.4.12"
      browserslist "^4.6.6"
      detect-libc "^1.0.3"
      nullthrows "^1.1.1"
      regenerator-runtime "^0.13.7"
      semver "^5.7.1"
  
  "@parcel/transformer-json@2.8.2":
    version "2.8.2"
    resolved "https://registry.yarnpkg.com/@parcel/transformer-json/-/transformer-json-2.8.2.tgz#f184290c35ded6124fdd222e40e1c27e9e2726b6"
    integrity sha512-eZuaY5tMxcMDJwpHJbPVTgSaBIO4mamwAa3VulN9kRRaf29nc+Q0iM7zMFVHWFQAi/mZZ194IIQXbDX3r6oSSQ==
    dependencies:
      "@parcel/plugin" "2.8.2"
      json5 "^2.2.0"
  
  "@parcel/transformer-postcss@2.8.2":
    version "2.8.2"
    resolved "https://registry.yarnpkg.com/@parcel/transformer-postcss/-/transformer-postcss-2.8.2.tgz#ca1db56e639a6fcef134128cf8c172999c21bc10"
    integrity sha512-0Vb4T2e0QinNDps1/PxYsZwEzWieVxoW++AAUD3gzg0MfSyRc72MPc27CLOnziiRDyOUl+62gqpnNzq9xaKExA==
    dependencies:
      "@parcel/diagnostic" "2.8.2"
      "@parcel/hash" "2.8.2"
      "@parcel/plugin" "2.8.2"
      "@parcel/utils" "2.8.2"
      clone "^2.1.1"
      nullthrows "^1.1.1"
      postcss-value-parser "^4.2.0"
      semver "^5.7.1"
  
  "@parcel/transformer-posthtml@2.8.2":
    version "2.8.2"
    resolved "https://registry.yarnpkg.com/@parcel/transformer-posthtml/-/transformer-posthtml-2.8.2.tgz#efcb8554211facbc70cc9e53c125d5ae31b26bff"
    integrity sha512-Ub7o6QlH7+xHHHdhvR7MxTqjyLVqeJopPSzy4yP+Bd72tWVjaVm7f76SUl+p7VjhLTMkmczr9OxG3k0SFHEbGw==
    dependencies:
      "@parcel/plugin" "2.8.2"
      "@parcel/utils" "2.8.2"
      nullthrows "^1.1.1"
      posthtml "^0.16.5"
      posthtml-parser "^0.10.1"
      posthtml-render "^3.0.0"
      semver "^5.7.1"
  
  "@parcel/transformer-raw@2.8.2":
    version "2.8.2"
    resolved "https://registry.yarnpkg.com/@parcel/transformer-raw/-/transformer-raw-2.8.2.tgz#f463f2bb3c43059c0881381fb1d0453dbf8133aa"
    integrity sha512-xSzyZtrfisbx0R7xkuFJ/FksKyWaUFN18F9/0bLF8wo5LrOTQoYQatjun7/Rbq5mELBK/0ZPp7uJ02OqLRd2mA==
    dependencies:
      "@parcel/plugin" "2.8.2"
  
  "@parcel/transformer-react-refresh-wrap@2.8.2":
    version "2.8.2"
    resolved "https://registry.yarnpkg.com/@parcel/transformer-react-refresh-wrap/-/transformer-react-refresh-wrap-2.8.2.tgz#26cde09bcef82ac6b2a2e1ce89172f8f622aef7b"
    integrity sha512-UXBILYFXaj5zh1DzoYXoS3Wuq1+6WjoRQaFTUA5xrF3pjJb6LAXxWru3R20zR5INHIZXPxdQJB0b+epnmyjK4w==
    dependencies:
      "@parcel/plugin" "2.8.2"
      "@parcel/utils" "2.8.2"
      react-refresh "^0.9.0"
  
  "@parcel/transformer-svg@2.8.2":
    version "2.8.2"
    resolved "https://registry.yarnpkg.com/@parcel/transformer-svg/-/transformer-svg-2.8.2.tgz#850fef81cd9822f111c123b4b0c1024b3d58bcc3"
    integrity sha512-FyliRrNHOF6tGzwHSzA2CTbkq3iMvS27eozf1kFj6gbO8gfJ5HXYoppQrTb237YZ/WXCHqe/3HVmGyJDZiLr+Q==
    dependencies:
      "@parcel/diagnostic" "2.8.2"
      "@parcel/hash" "2.8.2"
      "@parcel/plugin" "2.8.2"
      nullthrows "^1.1.1"
      posthtml "^0.16.5"
      posthtml-parser "^0.10.1"
      posthtml-render "^3.0.0"
      semver "^5.7.1"
  
  "@parcel/types@2.8.2":
    version "2.8.2"
    resolved "https://registry.yarnpkg.com/@parcel/types/-/types-2.8.2.tgz#1a2cc2ec20a52f42dabd9260dbb912b927e2d75d"
    integrity sha512-HAYhokWxM10raIhqaYj9VR9eAvJ+xP2sNfQ1IcQybHpq3qblcBe/4jDeuUpwIyKeQ4gorp7xY+q8KDoR20j43w==
    dependencies:
      "@parcel/cache" "2.8.2"
      "@parcel/diagnostic" "2.8.2"
      "@parcel/fs" "2.8.2"
      "@parcel/package-manager" "2.8.2"
      "@parcel/source-map" "^2.1.1"
      "@parcel/workers" "2.8.2"
      utility-types "^3.10.0"
  
  "@parcel/utils@2.8.2":
    version "2.8.2"
    resolved "https://registry.yarnpkg.com/@parcel/utils/-/utils-2.8.2.tgz#7e917d2ebd5326e12e878858a416e50706bc804d"
    integrity sha512-Ufax7wZxC9FNsUpR0EU7Z22LEY/q9jjsDTwswctCdfpWb7TE/NudOfM9myycfRvwBVEYN50lPbkt1QltEVnXQQ==
    dependencies:
      "@parcel/codeframe" "2.8.2"
      "@parcel/diagnostic" "2.8.2"
      "@parcel/hash" "2.8.2"
      "@parcel/logger" "2.8.2"
      "@parcel/markdown-ansi" "2.8.2"
      "@parcel/source-map" "^2.1.1"
      chalk "^4.1.0"
  
  "@parcel/watcher@^2.0.7":
    version "2.0.7"
    resolved "https://registry.yarnpkg.com/@parcel/watcher/-/watcher-2.0.7.tgz#c95fe1370e8c6237cb9729c9c075264acc7e21a5"
    integrity sha512-gc3hoS6e+2XdIQ4HHljDB1l0Yx2EWh/sBBtCEFNKGSMlwASWeAQsOY/fPbxOBcZ/pg0jBh4Ga+4xHlZc4faAEQ==
    dependencies:
      node-addon-api "^3.2.1"
      node-gyp-build "^4.3.0"
  
  "@parcel/workers@2.8.2":
    version "2.8.2"
    resolved "https://registry.yarnpkg.com/@parcel/workers/-/workers-2.8.2.tgz#7d170bd153e35ebd7fb59f239930bd5669babe7d"
    integrity sha512-Eg6CofIrJSNBa2fjXwvnzVLPKwR/6fkfQTFAm3Jl+4JYLVknBtTSFzQNp/Fa+HUEG889H9ucTk2CBi/fVPBAFw==
    dependencies:
      "@parcel/diagnostic" "2.8.2"
      "@parcel/logger" "2.8.2"
      "@parcel/types" "2.8.2"
      "@parcel/utils" "2.8.2"
      chrome-trace-event "^1.0.2"
      nullthrows "^1.1.1"
  
  "@radix-ui/number@1.0.0":
    version "1.0.0"
    resolved "https://registry.yarnpkg.com/@radix-ui/number/-/number-1.0.0.tgz#4c536161d0de750b3f5d55860fc3de46264f897b"
    integrity sha512-Ofwh/1HX69ZfJRiRBMTy7rgjAzHmwe4kW9C9Y99HTRUcYLUuVT0KESFj15rPjRgKJs20GPq8Bm5aEDJ8DuA3vA==
    dependencies:
      "@babel/runtime" "^7.13.10"
  
  "@radix-ui/primitive@1.0.0":
    version "1.0.0"
    resolved "https://registry.yarnpkg.com/@radix-ui/primitive/-/primitive-1.0.0.tgz#e1d8ef30b10ea10e69c76e896f608d9276352253"
    integrity sha512-3e7rn8FDMin4CgeL7Z/49smCA3rFYY3Ha2rUQ7HRWFadS5iCRw08ZgVT1LaNTCNqgvrUiyczLflrVrF0SRQtNA==
    dependencies:
      "@babel/runtime" "^7.13.10"
  
  "@radix-ui/react-compose-refs@1.0.0":
    version "1.0.0"
    resolved "https://registry.yarnpkg.com/@radix-ui/react-compose-refs/-/react-compose-refs-1.0.0.tgz#37595b1f16ec7f228d698590e78eeed18ff218ae"
    integrity sha512-0KaSv6sx787/hK3eF53iOkiSLwAGlFMx5lotrqD2pTjB18KbybKoEIgkNZTKC60YECDQTKGTRcDBILwZVqVKvA==
    dependencies:
      "@babel/runtime" "^7.13.10"
  
  "@radix-ui/react-context@1.0.0":
    version "1.0.0"
    resolved "https://registry.yarnpkg.com/@radix-ui/react-context/-/react-context-1.0.0.tgz#f38e30c5859a9fb5e9aa9a9da452ee3ed9e0aee0"
    integrity sha512-1pVM9RfOQ+n/N5PJK33kRSKsr1glNxomxONs5c49MliinBY6Yw2Q995qfBUUo0/Mbg05B/sGA0gkgPI7kmSHBg==
    dependencies:
      "@babel/runtime" "^7.13.10"
  
  "@radix-ui/react-direction@1.0.0":
    version "1.0.0"
    resolved "https://registry.yarnpkg.com/@radix-ui/react-direction/-/react-direction-1.0.0.tgz#a2e0b552352459ecf96342c79949dd833c1e6e45"
    integrity sha512-2HV05lGUgYcA6xgLQ4BKPDmtL+QbIZYH5fCOTAOOcJ5O0QbWS3i9lKaurLzliYUDhORI2Qr3pyjhJh44lKA3rQ==
    dependencies:
      "@babel/runtime" "^7.13.10"
  
  "@radix-ui/react-presence@1.0.0":
    version "1.0.0"
    resolved "https://registry.yarnpkg.com/@radix-ui/react-presence/-/react-presence-1.0.0.tgz#814fe46df11f9a468808a6010e3f3ca7e0b2e84a"
    integrity sha512-A+6XEvN01NfVWiKu38ybawfHsBjWum42MRPnEuqPsBZ4eV7e/7K321B5VgYMPv3Xx5An6o1/l9ZuDBgmcmWK3w==
    dependencies:
      "@babel/runtime" "^7.13.10"
      "@radix-ui/react-compose-refs" "1.0.0"
      "@radix-ui/react-use-layout-effect" "1.0.0"
  
  "@radix-ui/react-primitive@1.0.1":
    version "1.0.1"
    resolved "https://registry.yarnpkg.com/@radix-ui/react-primitive/-/react-primitive-1.0.1.tgz#c1ebcce283dd2f02e4fbefdaa49d1cb13dbc990a"
    integrity sha512-fHbmislWVkZaIdeF6GZxF0A/NH/3BjrGIYj+Ae6eTmTCr7EB0RQAAVEiqsXK6p3/JcRqVSBQoceZroj30Jj3XA==
    dependencies:
      "@babel/runtime" "^7.13.10"
      "@radix-ui/react-slot" "1.0.1"
  
  "@radix-ui/react-scroll-area@1.0.2":
    version "1.0.2"
    resolved "https://registry.yarnpkg.com/@radix-ui/react-scroll-area/-/react-scroll-area-1.0.2.tgz#26c906d351b56835c0301126b24574c9e9c7b93b"
    integrity sha512-k8VseTxI26kcKJaX0HPwkvlNBPTs56JRdYzcZ/vzrNUkDlvXBy8sMc7WvCpYzZkHgb+hd72VW9MqkqecGtuNgg==
    dependencies:
      "@babel/runtime" "^7.13.10"
      "@radix-ui/number" "1.0.0"
      "@radix-ui/primitive" "1.0.0"
      "@radix-ui/react-compose-refs" "1.0.0"
      "@radix-ui/react-context" "1.0.0"
      "@radix-ui/react-direction" "1.0.0"
      "@radix-ui/react-presence" "1.0.0"
      "@radix-ui/react-primitive" "1.0.1"
      "@radix-ui/react-use-callback-ref" "1.0.0"
      "@radix-ui/react-use-layout-effect" "1.0.0"
  
  "@radix-ui/react-slot@1.0.1":
    version "1.0.1"
    resolved "https://registry.yarnpkg.com/@radix-ui/react-slot/-/react-slot-1.0.1.tgz#e7868c669c974d649070e9ecbec0b367ee0b4d81"
    integrity sha512-avutXAFL1ehGvAXtPquu0YK5oz6ctS474iM3vNGQIkswrVhdrS52e3uoMQBzZhNRAIE0jBnUyXWNmSjGHhCFcw==
    dependencies:
      "@babel/runtime" "^7.13.10"
      "@radix-ui/react-compose-refs" "1.0.0"
  
  "@radix-ui/react-use-callback-ref@1.0.0":
    version "1.0.0"
    resolved "https://registry.yarnpkg.com/@radix-ui/react-use-callback-ref/-/react-use-callback-ref-1.0.0.tgz#9e7b8b6b4946fe3cbe8f748c82a2cce54e7b6a90"
    integrity sha512-GZtyzoHz95Rhs6S63D2t/eqvdFCm7I+yHMLVQheKM7nBD8mbZIt+ct1jz4536MDnaOGKIxynJ8eHTkVGVVkoTg==
    dependencies:
      "@babel/runtime" "^7.13.10"
  
  "@radix-ui/react-use-layout-effect@1.0.0":
    version "1.0.0"
    resolved "https://registry.yarnpkg.com/@radix-ui/react-use-layout-effect/-/react-use-layout-effect-1.0.0.tgz#2fc19e97223a81de64cd3ba1dc42ceffd82374dc"
    integrity sha512-6Tpkq+R6LOlmQb1R5NNETLG0B4YP0wc+klfXafpUCj6JGyaUc8il7/kUZ7m59rGbXGczE9Bs+iz2qloqsZBduQ==
    dependencies:
      "@babel/runtime" "^7.13.10"
  
  "@swc/helpers@^0.4.12":
    version "0.4.14"
    resolved "https://registry.yarnpkg.com/@swc/helpers/-/helpers-0.4.14.tgz#1352ac6d95e3617ccb7c1498ff019654f1e12a74"
    integrity sha512-4C7nX/dvpzB7za4Ql9K81xK3HPxCpHMgwTZVyf+9JQ6VUbn9jjZVN7/Nkdz/Ugzs2CSjqnL/UPXroiVBVHUWUw==
    dependencies:
      tslib "^2.4.0"
  
  "@tabler/icons@^1.117.0":
    version "1.117.0"
    resolved "https://registry.yarnpkg.com/@tabler/icons/-/icons-1.117.0.tgz#2ffafca94f868940cf84a839e284c243e095c45a"
    integrity sha512-4UGF8fMcROiy++CCNlzTz6p22rxFQD/fAMfaw/8Uanopl41X2SCZTmpnotS3C6Qdrk99m8eMZySa5w1y99gFqQ==
  
  "@trysound/sax@0.2.0":
    version "0.2.0"
    resolved "https://registry.yarnpkg.com/@trysound/sax/-/sax-0.2.0.tgz#cccaab758af56761eb7bf37af6f03f326dd798ad"
    integrity sha512-L7z9BgrNEcYyUYtF+HaEfiS5ebkh9jXqbszz7pC0hRBPaatV0XjSD3+eHrpqFemQfgwiFF0QPIarnIihIDn7OA==
  
  "@types/parse-json@^4.0.0":
    version "4.0.0"
    resolved "https://registry.yarnpkg.com/@types/parse-json/-/parse-json-4.0.0.tgz#2f8bb441434d163b35fb8ffdccd7138927ffb8c0"
    integrity sha512-//oorEZjL6sbPcKUaCdIGlIUeH26mgzimjBB77G6XRgnDl/L5wOnpyBGRe/Mmf5CVW3PwEBE1NjiMZ/ssFh4wA==
  
  "@types/prop-types@*":
    version "15.7.5"
    resolved "https://registry.yarnpkg.com/@types/prop-types/-/prop-types-15.7.5.tgz#5f19d2b85a98e9558036f6a3cacc8819420f05cf"
    integrity sha512-JCB8C6SnDoQf0cNycqd/35A7MjcnK+ZTqE7judS6o7utxUCg6imJg3QK2qzHKszlTjcj2cn+NwMB2i96ubpj7w==
  
  "@types/react-dom@^18.0.9":
    version "18.0.9"
    resolved "https://registry.yarnpkg.com/@types/react-dom/-/react-dom-18.0.9.tgz#ffee5e4bfc2a2f8774b15496474f8e7fe8d0b504"
    integrity sha512-qnVvHxASt/H7i+XG1U1xMiY5t+IHcPGUK7TDMDzom08xa7e86eCeKOiLZezwCKVxJn6NEiiy2ekgX8aQssjIKg==
    dependencies:
      "@types/react" "*"
  
  "@types/react@*", "@types/react@^18.0.26":
    version "18.0.26"
    resolved "https://registry.yarnpkg.com/@types/react/-/react-18.0.26.tgz#8ad59fc01fef8eaf5c74f4ea392621749f0b7917"
    integrity sha512-hCR3PJQsAIXyxhTNSiDFY//LhnMZWpNNr5etoCqx/iUfGc5gXWtQR2Phl908jVR6uPXacojQWTg4qRpkxTuGug==
    dependencies:
      "@types/prop-types" "*"
      "@types/scheduler" "*"
      csstype "^3.0.2"
  
  "@types/scheduler@*":
    version "0.16.2"
    resolved "https://registry.yarnpkg.com/@types/scheduler/-/scheduler-0.16.2.tgz#1a62f89525723dde24ba1b01b092bf5df8ad4d39"
    integrity sha512-hppQEBDmlwhFAXKJX2KnWLYu5yMfi91yazPb2l+lbJiwW+wdo1gNeRA+3RgNSO39WYX2euey41KEwnqesU2Jew==
  
  abortcontroller-polyfill@^1.1.9:
    version "1.7.5"
    resolved "https://registry.yarnpkg.com/abortcontroller-polyfill/-/abortcontroller-polyfill-1.7.5.tgz#6738495f4e901fbb57b6c0611d0c75f76c485bed"
    integrity sha512-JMJ5soJWP18htbbxJjG7bG6yuI6pRhgJ0scHHTfkUjf6wjP912xZWvM+A4sJK3gqd9E8fcPbDnOefbA9Th/FIQ==
  
  acorn@^8.5.0:
    version "8.8.1"
    resolved "https://registry.yarnpkg.com/acorn/-/acorn-8.8.1.tgz#0a3f9cbecc4ec3bea6f0a80b66ae8dd2da250b73"
    integrity sha512-7zFpHzhnqYKrkYdUjF1HI1bzd0VygEGX8lFk4k5zVMqHEoES+P+7TKI+EvLO9WVMJ8eekdO0aDEK044xTXwPPA==
  
  ansi-styles@^3.2.1:
    version "3.2.1"
    resolved "https://registry.yarnpkg.com/ansi-styles/-/ansi-styles-3.2.1.tgz#41fbb20243e50b12be0f04b8dedbf07520ce841d"
    integrity sha512-VT0ZI6kZRdTh8YyJw3SMbYm/u+NqfsAxEpWO0Pf9sq8/e94WxxOpPKx9FR1FlyCtOVDNOQ+8ntlqFxiRc+r5qA==
    dependencies:
      color-convert "^1.9.0"
  
  ansi-styles@^4.1.0:
    version "4.3.0"
    resolved "https://registry.yarnpkg.com/ansi-styles/-/ansi-styles-4.3.0.tgz#edd803628ae71c04c85ae7a0906edad34b648937"
    integrity sha512-zbB9rCJAT1rbjiVDb2hqKFHNYLxgtk8NURxZ3IZwD3F6NtxbXZQCnnSi1Lkx+IDohdPlFp222wVALIheZJQSEg==
    dependencies:
      color-convert "^2.0.1"
  
  aria-hidden@^1.1.3:
    version "1.2.2"
    resolved "https://registry.yarnpkg.com/aria-hidden/-/aria-hidden-1.2.2.tgz#8c4f7cc88d73ca42114106fdf6f47e68d31475b8"
    integrity sha512-6y/ogyDTk/7YAe91T3E2PR1ALVKyM2QbTio5HwM+N1Q6CMlCKhvClyIjkckBswa0f2xJhjsfzIGa1yVSe1UMVA==
    dependencies:
      tslib "^2.0.0"
  
  babel-plugin-macros@^3.1.0:
    version "3.1.0"
    resolved "https://registry.yarnpkg.com/babel-plugin-macros/-/babel-plugin-macros-3.1.0.tgz#9ef6dc74deb934b4db344dc973ee851d148c50c1"
    integrity sha512-Cg7TFGpIr01vOQNODXOOaGz2NpCU5gl8x1qJFbb6hbZxR7XrcE2vtbAsTAbJ7/xwJtUuJEw8K8Zr/AE0LHlesg==
    dependencies:
      "@babel/runtime" "^7.12.5"
      cosmiconfig "^7.0.0"
      resolve "^1.19.0"
  
  balanced-match@^1.0.0:
    version "1.0.2"
    resolved "https://registry.yarnpkg.com/balanced-match/-/balanced-match-1.0.2.tgz#e83e3a7e3f300b34cb9d87f615fa0cbf357690ee"
    integrity sha512-3oSeUO0TMV67hN1AmbXsK4yaqU7tjiHlbxRDZOpH0KW9+CeX4bRAaX0Anxt0tx2MrpRpWwQaPwIlISEJhYU5Pw==
  
  base-x@^3.0.8:
    version "3.0.9"
    resolved "https://registry.yarnpkg.com/base-x/-/base-x-3.0.9.tgz#6349aaabb58526332de9f60995e548a53fe21320"
    integrity sha512-H7JU6iBHTal1gp56aKoaa//YUxEaAOUiydvrV/pILqIHXTtqxSkATOnDA2u+jZ/61sD+L/412+7kzXRtWukhpQ==
    dependencies:
      safe-buffer "^5.0.1"
  
  boolbase@^1.0.0:
    version "1.0.0"
    resolved "https://registry.yarnpkg.com/boolbase/-/boolbase-1.0.0.tgz#68dff5fbe60c51eb37725ea9e3ed310dcc1e776e"
    integrity sha512-JZOSA7Mo9sNGB8+UjSgzdLtokWAky1zbztM3WRLCbZ70/3cTANmQmOdR7y2g+J0e2WXywy1yS468tY+IruqEww==
  
  brace-expansion@^1.1.7:
    version "1.1.11"
    resolved "https://registry.yarnpkg.com/brace-expansion/-/brace-expansion-1.1.11.tgz#3c7fcbf529d87226f3d2f52b966ff5271eb441dd"
    integrity sha512-iCuPHDFgrHX7H2vEI/5xpz07zSHB00TpugqhmYtVmMO6518mCuRMoOYFldEBl0g187ufozdaHgWKcYFb61qGiA==
    dependencies:
      balanced-match "^1.0.0"
      concat-map "0.0.1"
  
  browserslist@^4.6.6:
    version "4.21.4"
    resolved "https://registry.yarnpkg.com/browserslist/-/browserslist-4.21.4.tgz#e7496bbc67b9e39dd0f98565feccdcb0d4ff6987"
    integrity sha512-CBHJJdDmgjl3daYjN5Cp5kbTf1mUhZoS+beLklHIvkOWscs83YAhLlF3Wsh/lciQYAcbBJgTOD44VtG31ZM4Hw==
    dependencies:
      caniuse-lite "^1.0.30001400"
      electron-to-chromium "^1.4.251"
      node-releases "^2.0.6"
      update-browserslist-db "^1.0.9"
  
  buffer-from@^1.0.0:
    version "1.1.2"
    resolved "https://registry.yarnpkg.com/buffer-from/-/buffer-from-1.1.2.tgz#2b146a6fd72e80b4f55d255f35ed59a3a9a41bd5"
    integrity sha512-E+XQCRwSbaaiChtv6k6Dwgc+bx+Bs6vuKJHHl5kox/BaKbhiXzqQOwK4cO22yElGp2OCmjwVhT3HmxgyPGnJfQ==
  
  callsites@^3.0.0:
    version "3.1.0"
    resolved "https://registry.yarnpkg.com/callsites/-/callsites-3.1.0.tgz#b3630abd8943432f54b3f0519238e33cd7df2f73"
    integrity sha512-P8BjAsXvZS+VIDUI11hHCQEv74YT67YUi5JJFNWIqL235sBmjX4+qx9Muvls5ivyNENctx46xQLQ3aTuE7ssaQ==
  
  caniuse-lite@^1.0.30001400:
    version "1.0.30001439"
    resolved "https://registry.yarnpkg.com/caniuse-lite/-/caniuse-lite-1.0.30001439.tgz#ab7371faeb4adff4b74dad1718a6fd122e45d9cb"
    integrity sha512-1MgUzEkoMO6gKfXflStpYgZDlFM7M/ck/bgfVCACO5vnAf0fXoNVHdWtqGU+MYca+4bL9Z5bpOVmR33cWW9G2A==
  
  chalk@^2.0.0:
    version "2.4.2"
    resolved "https://registry.yarnpkg.com/chalk/-/chalk-2.4.2.tgz#cd42541677a54333cf541a49108c1432b44c9424"
    integrity sha512-Mti+f9lpJNcwF4tWV8/OrTTtF1gZi+f8FqlyAdouralcFWFQWF2+NgCHShjkCb+IFBLq9buZwE1xckQU4peSuQ==
    dependencies:
      ansi-styles "^3.2.1"
      escape-string-regexp "^1.0.5"
      supports-color "^5.3.0"
  
  chalk@^4.1.0:
    version "4.1.2"
    resolved "https://registry.yarnpkg.com/chalk/-/chalk-4.1.2.tgz#aac4e2b7734a740867aeb16bf02aad556a1e7a01"
    integrity sha512-oKnbhFyRIXpUuez8iBMmyEa4nbj4IOQyuhc/wy9kY7/WVPcwIO9VA668Pu8RkO7+0G76SLROeyw9CpQ061i4mA==
    dependencies:
      ansi-styles "^4.1.0"
      supports-color "^7.1.0"
  
  chrome-trace-event@^1.0.2:
    version "1.0.3"
    resolved "https://registry.yarnpkg.com/chrome-trace-event/-/chrome-trace-event-1.0.3.tgz#1015eced4741e15d06664a957dbbf50d041e26ac"
    integrity sha512-p3KULyQg4S7NIHixdwbGX+nFHkoBiA4YQmyWtjb8XngSKV124nJmRysgAeujbUVb15vh+RvFUfCPqU7rXk+hZg==
  
  chrome-types@^0.1.155:
    version "0.1.155"
    resolved "https://registry.yarnpkg.com/chrome-types/-/chrome-types-0.1.155.tgz#5a3384c9d1737ee74f615f5d6c8e0dbb971f5bdd"
    integrity sha512-KxmD4FN4jE4aO5shqVsRRZgreBL7YzwC2EodK9PazZ+wUx5dlas1X0uehLevnt+n+DESDx+Rr73exJgosuJChw==
  
  clone@^2.1.1:
    version "2.1.2"
    resolved "https://registry.yarnpkg.com/clone/-/clone-2.1.2.tgz#1b7f4b9f591f1e8f83670401600345a02887435f"
    integrity sha512-3Pe/CF1Nn94hyhIYpjtiLhdCoEoz0DqQ+988E9gmeEdQZlojxnOb74wctFyuwWQHzqyf9X7C7MG8juUpqBJT8w==
  
  clsx@1.1.1:
    version "1.1.1"
    resolved "https://registry.yarnpkg.com/clsx/-/clsx-1.1.1.tgz#98b3134f9abbdf23b2663491ace13c5c03a73188"
    integrity sha512-6/bPho624p3S2pMyvP5kKBPXnI3ufHLObBFCfgx+LkeR5lg2XYy2hqZqUf45ypD8COn2bhgGJSUE+l5dhNBieA==
  
  color-convert@^1.9.0:
    version "1.9.3"
    resolved "https://registry.yarnpkg.com/color-convert/-/color-convert-1.9.3.tgz#bb71850690e1f136567de629d2d5471deda4c1e8"
    integrity sha512-QfAUtd+vFdAtFQcC8CCyYt1fYWxSqAiK2cSD6zDB8N3cpsEBAvRxp9zOGg6G/SHHJYAT88/az/IuDGALsNVbGg==
    dependencies:
      color-name "1.1.3"
  
  color-convert@^2.0.1:
    version "2.0.1"
    resolved "https://registry.yarnpkg.com/color-convert/-/color-convert-2.0.1.tgz#72d3a68d598c9bdb3af2ad1e84f21d896abd4de3"
    integrity sha512-RRECPsj7iu/xb5oKYcsFHSppFNnsj/52OVTRKb4zP5onXwVF3zVmmToNcOfGC+CRDpfK/U584fMg38ZHCaElKQ==
    dependencies:
      color-name "~1.1.4"
  
  color-name@1.1.3:
    version "1.1.3"
    resolved "https://registry.yarnpkg.com/color-name/-/color-name-1.1.3.tgz#a7d0558bd89c42f795dd42328f740831ca53bc25"
    integrity sha512-72fSenhMw2HZMTVHeCA9KCmpEIbzWiQsjN+BHcBbS9vr1mtt+vJjPdksIBNUmKAW8TFUDPJK5SUU3QhE9NEXDw==
  
  color-name@~1.1.4:
    version "1.1.4"
    resolved "https://registry.yarnpkg.com/color-name/-/color-name-1.1.4.tgz#c2a09a87acbde69543de6f63fa3995c826c536a2"
    integrity sha512-dOy+3AuW3a2wNbZHIuMZpTcgjGuLU/uBL/ubcZF9OXbDo8ff4O8yVp5Bf0efS8uEoYo5q4Fx7dY9OgQGXgAsQA==
  
  commander@^2.20.0:
    version "2.20.3"
    resolved "https://registry.yarnpkg.com/commander/-/commander-2.20.3.tgz#fd485e84c03eb4881c20722ba48035e8531aeb33"
    integrity sha512-GpVkmM8vF2vQUkj2LvZmD35JxeJOLCwJ9cUkugyk2nuhbv3+mJvpLYYt+0+USMxE+oj+ey/lJEnhZw75x/OMcQ==
  
  commander@^7.0.0, commander@^7.2.0:
    version "7.2.0"
    resolved "https://registry.yarnpkg.com/commander/-/commander-7.2.0.tgz#a36cb57d0b501ce108e4d20559a150a391d97ab7"
    integrity sha512-QrWXB+ZQSVPmIWIhtEO9H+gwHaMGYiF5ChvoJ+K9ZGHG/sVsa6yiesAD1GC/x46sET00Xlwo1u49RVVVzvcSkw==
  
  concat-map@0.0.1:
    version "0.0.1"
    resolved "https://registry.yarnpkg.com/concat-map/-/concat-map-0.0.1.tgz#d8a96bd77fd68df7793a73036a3ba0d5405d477b"
    integrity sha512-/Srv4dswyQNBfohGpz9o6Yb3Gz3SrUDqBH5rTuhGR7ahtlbYKnVxw2bCFMRljaA7EXHaXZ8wsHdodFvbkhKmqg==
  
  convert-source-map@^1.5.0:
    version "1.9.0"
    resolved "https://registry.yarnpkg.com/convert-source-map/-/convert-source-map-1.9.0.tgz#7faae62353fb4213366d0ca98358d22e8368b05f"
    integrity sha512-ASFBup0Mz1uyiIjANan1jzLQami9z1PoYSZCiiYW2FczPbenXc45FZdBZLzOT+r6+iciuEModtmCti+hjaAk0A==
  
  cosmiconfig@^7.0.0, cosmiconfig@^7.0.1:
    version "7.1.0"
    resolved "https://registry.yarnpkg.com/cosmiconfig/-/cosmiconfig-7.1.0.tgz#1443b9afa596b670082ea46cbd8f6a62b84635f6"
    integrity sha512-AdmX6xUzdNASswsFtmwSt7Vj8po9IuqXm0UXz7QKPuEUmPB4XyjGfaAr2PSuELMwkRMVH1EpIkX5bTZGRB3eCA==
    dependencies:
      "@types/parse-json" "^4.0.0"
      import-fresh "^3.2.1"
      parse-json "^5.0.0"
      path-type "^4.0.0"
      yaml "^1.10.0"
  
  css-select@^4.1.3:
    version "4.3.0"
    resolved "https://registry.yarnpkg.com/css-select/-/css-select-4.3.0.tgz#db7129b2846662fd8628cfc496abb2b59e41529b"
    integrity sha512-wPpOYtnsVontu2mODhA19JrqWxNsfdatRKd64kmpRbQgh1KtItko5sTnEpPdpSaJszTOhEMlF/RPz28qj4HqhQ==
    dependencies:
      boolbase "^1.0.0"
      css-what "^6.0.1"
      domhandler "^4.3.1"
      domutils "^2.8.0"
      nth-check "^2.0.1"
  
  css-tree@^1.1.2, css-tree@^1.1.3:
    version "1.1.3"
    resolved "https://registry.yarnpkg.com/css-tree/-/css-tree-1.1.3.tgz#eb4870fb6fd7707327ec95c2ff2ab09b5e8db91d"
    integrity sha512-tRpdppF7TRazZrjJ6v3stzv93qxRcSsFmW6cX0Zm2NVKpxE1WV1HblnghVv9TreireHkqI/VDEsfolRF1p6y7Q==
    dependencies:
      mdn-data "2.0.14"
      source-map "^0.6.1"
  
  css-what@^6.0.1:
    version "6.1.0"
    resolved "https://registry.yarnpkg.com/css-what/-/css-what-6.1.0.tgz#fb5effcf76f1ddea2c81bdfaa4de44e79bac70f4"
    integrity sha512-HTUrgRJ7r4dsZKU6GjmpfRK1O76h97Z8MfS1G0FozR+oF2kG6Vfe8JE6zwrkbxigziPHinCJ+gCPjA9EaBDtRw==
  
  csso@^4.2.0:
    version "4.2.0"
    resolved "https://registry.yarnpkg.com/csso/-/csso-4.2.0.tgz#ea3a561346e8dc9f546d6febedd50187cf389529"
    integrity sha512-wvlcdIbf6pwKEk7vHj8/Bkc0B4ylXZruLvOgs9doS5eOsOpuodOV2zJChSpkp+pRpYQLQMeF04nr3Z68Sta9jA==
    dependencies:
      css-tree "^1.1.2"
  
  csstype@3.0.9:
    version "3.0.9"
    resolved "https://registry.yarnpkg.com/csstype/-/csstype-3.0.9.tgz#6410af31b26bd0520933d02cbc64fce9ce3fbf0b"
    integrity sha512-rpw6JPxK6Rfg1zLOYCSwle2GFOOsnjmDYDaBwEcwoOg4qlsIVCN789VkBZDJAGi4T07gI4YSutR43t9Zz4Lzuw==
  
  csstype@^3.0.2:
    version "3.1.1"
    resolved "https://registry.yarnpkg.com/csstype/-/csstype-3.1.1.tgz#841b532c45c758ee546a11d5bd7b7b473c8c30b9"
    integrity sha512-DJR/VvkAvSZW9bTouZue2sSxDwdTN92uHjqeKVm+0dAqdfNykRzQ95tay8aXMBAAPpUiq4Qcug2L7neoRh2Egw==
  
  detect-libc@^1.0.3:
    version "1.0.3"
    resolved "https://registry.yarnpkg.com/detect-libc/-/detect-libc-1.0.3.tgz#fa137c4bd698edf55cd5cd02ac559f91a4c4ba9b"
    integrity sha512-pGjwhsmsp4kL2RTz08wcOlGN83otlqHeD/Z5T8GXZB+/YcpQ/dgo+lbU8ZsGxV0HIvqqxo9l7mqYwyYMD9bKDg==
  
  dom-serializer@^1.0.1:
    version "1.4.1"
    resolved "https://registry.yarnpkg.com/dom-serializer/-/dom-serializer-1.4.1.tgz#de5d41b1aea290215dc45a6dae8adcf1d32e2d30"
    integrity sha512-VHwB3KfrcOOkelEG2ZOfxqLZdfkil8PtJi4P8N2MMXucZq2yLp75ClViUlOVwyoHEDjYU433Aq+5zWP61+RGag==
    dependencies:
      domelementtype "^2.0.1"
      domhandler "^4.2.0"
      entities "^2.0.0"
  
  domelementtype@^2.0.1, domelementtype@^2.2.0:
    version "2.3.0"
    resolved "https://registry.yarnpkg.com/domelementtype/-/domelementtype-2.3.0.tgz#5c45e8e869952626331d7aab326d01daf65d589d"
    integrity sha512-OLETBj6w0OsagBwdXnPdN0cnMfF9opN69co+7ZrbfPGrdpPVNBUj02spi6B1N7wChLQiPn4CSH/zJvXw56gmHw==
  
  domhandler@^4.2.0, domhandler@^4.2.2, domhandler@^4.3.1:
    version "4.3.1"
    resolved "https://registry.yarnpkg.com/domhandler/-/domhandler-4.3.1.tgz#8d792033416f59d68bc03a5aa7b018c1ca89279c"
    integrity sha512-GrwoxYN+uWlzO8uhUXRl0P+kHE4GtVPfYzVLcUxPL7KNdHKj66vvlhiweIHqYYXWlw+T8iLMp42Lm67ghw4WMQ==
    dependencies:
      domelementtype "^2.2.0"
  
  domutils@^2.8.0:
    version "2.8.0"
    resolved "https://registry.yarnpkg.com/domutils/-/domutils-2.8.0.tgz#4437def5db6e2d1f5d6ee859bd95ca7d02048135"
    integrity sha512-w96Cjofp72M5IIhpjgobBimYEfoPjx1Vx0BSX9P30WBdZW2WIKU0T1Bd0kz2eNZ9ikjKgHbEyKx8BB6H1L3h3A==
    dependencies:
      dom-serializer "^1.0.1"
      domelementtype "^2.2.0"
      domhandler "^4.2.0"
  
  dotenv-expand@^5.1.0:
    version "5.1.0"
    resolved "https://registry.yarnpkg.com/dotenv-expand/-/dotenv-expand-5.1.0.tgz#3fbaf020bfd794884072ea26b1e9791d45a629f0"
    integrity sha512-YXQl1DSa4/PQyRfgrv6aoNjhasp/p4qs9FjJ4q4cQk+8m4r6k4ZSiEyytKG8f8W9gi8WsQtIObNmKd+tMzNTmA==
  
  dotenv@^7.0.0:
    version "7.0.0"
    resolved "https://registry.yarnpkg.com/dotenv/-/dotenv-7.0.0.tgz#a2be3cd52736673206e8a85fb5210eea29628e7c"
    integrity sha512-M3NhsLbV1i6HuGzBUH8vXrtxOk+tWmzWKDMbAVSUp3Zsjm7ywFeuwrUXhmhQyRK1q5B5GGy7hcXPbj3bnfZg2g==
  
  electron-to-chromium@^1.4.251:
    version "1.4.284"
    resolved "https://registry.yarnpkg.com/electron-to-chromium/-/electron-to-chromium-1.4.284.tgz#61046d1e4cab3a25238f6bf7413795270f125592"
    integrity sha512-M8WEXFuKXMYMVr45fo8mq0wUrrJHheiKZf6BArTKk9ZBYCKJEOU5H8cdWgDT+qCVZf7Na4lVUaZsA+h6uA9+PA==
  
  entities@^2.0.0:
    version "2.2.0"
    resolved "https://registry.yarnpkg.com/entities/-/entities-2.2.0.tgz#098dc90ebb83d8dffa089d55256b351d34c4da55"
    integrity sha512-p92if5Nz619I0w+akJrLZH0MX0Pb5DX39XOwQTtXSdQQOaYH03S1uIQp4mhOZtAXrxq4ViO67YTiLBo2638o9A==
  
  entities@^3.0.1:
    version "3.0.1"
    resolved "https://registry.yarnpkg.com/entities/-/entities-3.0.1.tgz#2b887ca62585e96db3903482d336c1006c3001d4"
    integrity sha512-WiyBqoomrwMdFG1e0kqvASYfnlb0lp8M5o5Fw2OFq1hNZxxcNk8Ik0Xm7LxzBhuidnZB/UtBqVCgUz3kBOP51Q==
  
  error-ex@^1.3.1:
    version "1.3.2"
    resolved "https://registry.yarnpkg.com/error-ex/-/error-ex-1.3.2.tgz#b4ac40648107fdcdcfae242f428bea8a14d4f1bf"
    integrity sha512-7dFHNmqeFSEt2ZBsCriorKnn3Z2pj+fd9kmI6QoWw4//DL+icEBfc0U7qJCisqrTsKTjw4fNFy2pW9OqStD84g==
    dependencies:
      is-arrayish "^0.2.1"
  
  escalade@^3.1.1:
    version "3.1.1"
    resolved "https://registry.yarnpkg.com/escalade/-/escalade-3.1.1.tgz#d8cfdc7000965c5a0174b4a82eaa5c0552742e40"
    integrity sha512-k0er2gUkLf8O0zKJiAhmkTnJlTvINGv7ygDNPbeIsX/TJjGJZHuh9B2UxbsaEkmlEo9MfhrSzmhIlhRlI2GXnw==
  
  escape-string-regexp@^1.0.5:
    version "1.0.5"
    resolved "https://registry.yarnpkg.com/escape-string-regexp/-/escape-string-regexp-1.0.5.tgz#1b61c0562190a8dff6ae3bb2cf0200ca130b86d4"
    integrity sha512-vbRorB5FUQWvla16U8R/qgaFIya2qGzwDrNmCZuYKrbdSUMG6I1ZCGQRefkRVhuOkIGVne7BQ35DSfo1qvJqFg==
  
  escape-string-regexp@^4.0.0:
    version "4.0.0"
    resolved "https://registry.yarnpkg.com/escape-string-regexp/-/escape-string-regexp-4.0.0.tgz#14ba83a5d373e3d311e5afca29cf5bfad965bf34"
    integrity sha512-TtpcNJ3XAzx3Gq8sWRzJaVajRs0uVxA2YAkdb1jm2YkPz4G6egUFAyA3n5vtEIZefPk5Wa4UXbKuS5fKkJWdgA==
  
  find-root@^1.1.0:
    version "1.1.0"
    resolved "https://registry.yarnpkg.com/find-root/-/find-root-1.1.0.tgz#abcfc8ba76f708c42a97b3d685b7e9450bfb9ce4"
    integrity sha512-NKfW6bec6GfKc0SGx1e07QZY9PE99u0Bft/0rzSD5k3sO/vwkVUpDUKVm5Gpp5Ue3YfShPFTX2070tDs5kB9Ng==
  
  function-bind@^1.1.1:
    version "1.1.1"
    resolved "https://registry.yarnpkg.com/function-bind/-/function-bind-1.1.1.tgz#a56899d3ea3c9bab874bb9773b7c5ede92f4895d"
    integrity sha512-yIovAzMX49sF8Yl58fSCWJ5svSLuaibPxXQJFLmBObTuCr0Mf1KiPopGM9NiFjiYBCbfaa2Fh6breQ6ANVTI0A==
  
  get-port@^4.2.0:
    version "4.2.0"
    resolved "https://registry.yarnpkg.com/get-port/-/get-port-4.2.0.tgz#e37368b1e863b7629c43c5a323625f95cf24b119"
    integrity sha512-/b3jarXkH8KJoOMQc3uVGHASwGLPq3gSFJ7tgJm2diza+bydJPTGOibin2steecKeOylE8oY2JERlVWkAJO6yw==
  
  globals@^13.2.0:
    version "13.19.0"
    resolved "https://registry.yarnpkg.com/globals/-/globals-13.19.0.tgz#7a42de8e6ad4f7242fbcca27ea5b23aca367b5c8"
    integrity sha512-dkQ957uSRWHw7CFXLUtUHQI3g3aWApYhfNR2O6jn/907riyTYKVBmxYVROkBcY614FSSeSJh7Xm7SrUWCxvJMQ==
    dependencies:
      type-fest "^0.20.2"
  
  has-flag@^3.0.0:
    version "3.0.0"
    resolved "https://registry.yarnpkg.com/has-flag/-/has-flag-3.0.0.tgz#b5d454dc2199ae225699f3467e5a07f3b955bafd"
    integrity sha512-sKJf1+ceQBr4SMkvQnBDNDtf4TXpVhVGateu0t918bl30FnbE2m4vNLX+VWe/dpjlb+HugGYzW7uQXH98HPEYw==
  
  has-flag@^4.0.0:
    version "4.0.0"
    resolved "https://registry.yarnpkg.com/has-flag/-/has-flag-4.0.0.tgz#944771fd9c81c81265c4d6941860da06bb59479b"
    integrity sha512-EykJT/Q1KjTWctppgIAgfSO0tKVuZUjhgMr17kqTumMl6Afv3EISleU7qZUzoXDFTAHTDC4NOoG/ZxU3EvlMPQ==
  
  has@^1.0.3:
    version "1.0.3"
    resolved "https://registry.yarnpkg.com/has/-/has-1.0.3.tgz#722d7cbfc1f6aa8241f16dd814e011e1f41e8796"
    integrity sha512-f2dvO0VU6Oej7RkWJGrehjbzMAjFp5/VKPp5tTpWIV4JHHZK1/BxbFRtf/siA2SWTe09caDmVtYYzWEIbBS4zw==
    dependencies:
      function-bind "^1.1.1"
  
  hoist-non-react-statics@^3.3.1:
    version "3.3.2"
    resolved "https://registry.yarnpkg.com/hoist-non-react-statics/-/hoist-non-react-statics-3.3.2.tgz#ece0acaf71d62c2969c2ec59feff42a4b1a85b45"
    integrity sha512-/gGivxi8JPKWNm/W0jSmzcMPpfpPLc3dY/6GxhX2hQ9iGj3aDfklV4ET7NjKpSinLpJ5vafa9iiGIEZg10SfBw==
    dependencies:
      react-is "^16.7.0"
  
  htmlnano@^2.0.0:
    version "2.0.3"
    resolved "https://registry.yarnpkg.com/htmlnano/-/htmlnano-2.0.3.tgz#50ee639ed63357d4a6c01309f52a35892e4edc2e"
    integrity sha512-S4PGGj9RbdgW8LhbILNK7W9JhmYP8zmDY7KDV/8eCiJBQJlbmltp5I0gv8c5ntLljfdxxfmJ+UJVSqyH4mb41A==
    dependencies:
      cosmiconfig "^7.0.1"
      posthtml "^0.16.5"
      timsort "^0.3.0"
  
  htmlparser2@^7.1.1:
    version "7.2.0"
    resolved "https://registry.yarnpkg.com/htmlparser2/-/htmlparser2-7.2.0.tgz#8817cdea38bbc324392a90b1990908e81a65f5a5"
    integrity sha512-H7MImA4MS6cw7nbyURtLPO1Tms7C5H602LRETv95z1MxO/7CP7rDVROehUYeYBUYEON94NXXDEPmZuq+hX4sog==
    dependencies:
      domelementtype "^2.0.1"
      domhandler "^4.2.2"
      domutils "^2.8.0"
      entities "^3.0.1"
  
  import-fresh@^3.2.1:
    version "3.3.0"
    resolved "https://registry.yarnpkg.com/import-fresh/-/import-fresh-3.3.0.tgz#37162c25fcb9ebaa2e6e53d5b4d88ce17d9e0c2b"
    integrity sha512-veYYhQa+D1QBKznvhUHxb8faxlrwUnxseDAbAp457E0wLNio2bOSKnjYDhMj+YiAq61xrMGhQk9iXVk5FzgQMw==
    dependencies:
      parent-module "^1.0.0"
      resolve-from "^4.0.0"
  
  inherits@2.0.3:
    version "2.0.3"
    resolved "https://registry.yarnpkg.com/inherits/-/inherits-2.0.3.tgz#633c2c83e3da42a502f52466022480f4208261de"
    integrity sha512-x00IRNXNy63jwGkJmzPigoySHbaqpNuzKbBOmzK+g2OdZpQ9w+sxCN+VSB3ja7IAge2OP2qpfxTjeNcyjmW1uw==
  
  is-arrayish@^0.2.1:
    version "0.2.1"
    resolved "https://registry.yarnpkg.com/is-arrayish/-/is-arrayish-0.2.1.tgz#77c99840527aa8ecb1a8ba697b80645a7a926a9d"
    integrity sha512-zz06S8t0ozoDXMG+ube26zeCTNXcKIPJZJi8hBrF4idCLms4CG9QtK7qBl1boi5ODzFpjswb5JPmHCbMpjaYzg==
  
  is-core-module@^2.9.0:
    version "2.11.0"
    resolved "https://registry.yarnpkg.com/is-core-module/-/is-core-module-2.11.0.tgz#ad4cb3e3863e814523c96f3f58d26cc570ff0144"
    integrity sha512-RRjxlvLDkD1YJwDbroBHMb+cukurkDWNyHx7D3oNB5x9rb5ogcksMC5wHCadcXoo67gVr/+3GFySh3134zi6rw==
    dependencies:
      has "^1.0.3"
  
  is-json@^2.0.1:
    version "2.0.1"
    resolved "https://registry.yarnpkg.com/is-json/-/is-json-2.0.1.tgz#6be166d144828a131d686891b983df62c39491ff"
    integrity sha512-6BEnpVn1rcf3ngfmViLM6vjUjGErbdrL4rwlv+u1NO1XO8kqT4YGL8+19Q+Z/bas8tY90BTWMk2+fW1g6hQjbA==
  
  "js-tokens@^3.0.0 || ^4.0.0", js-tokens@^4.0.0:
    version "4.0.0"
    resolved "https://registry.yarnpkg.com/js-tokens/-/js-tokens-4.0.0.tgz#19203fb59991df98e3a287050d4647cdeaf32499"
    integrity sha512-RdJUflcE3cUzKiMqQgsCu06FPu9UdIJO0beYbPhHN4k6apgJtifcoCtT9bcxOpYBtpD2kCM6Sbzg4CausW/PKQ==
  
  json-parse-even-better-errors@^2.3.0:
    version "2.3.1"
    resolved "https://registry.yarnpkg.com/json-parse-even-better-errors/-/json-parse-even-better-errors-2.3.1.tgz#7c47805a94319928e05777405dc12e1f7a4ee02d"
    integrity sha512-xyFwyhro/JEof6Ghe2iz2NcXoj2sloNsWr/XsERDK/oiPCfaNhl5ONfp+jQdAZRQQ0IJWNzH9zIZF7li91kh2w==
  
  json5@^2.2.0, json5@^2.2.1:
    version "2.2.2"
    resolved "https://registry.yarnpkg.com/json5/-/json5-2.2.2.tgz#64471c5bdcc564c18f7c1d4df2e2297f2457c5ab"
    integrity sha512-46Tk9JiOL2z7ytNQWFLpj99RZkVgeHf87yGQKsIkaPz1qSH9UczKH1rO7K3wgRselo0tYMUNfecYpm/p1vC7tQ==
  
  lightningcss-darwin-arm64@1.17.1:
    version "1.17.1"
    resolved "https://registry.yarnpkg.com/lightningcss-darwin-arm64/-/lightningcss-darwin-arm64-1.17.1.tgz#d0384a47f19f1a02c29074930a23e5888e76b11a"
    integrity sha512-YTAHEy4XlzI3sMbUVjbPi9P7+N7lGcgl2JhCZhiQdRAEKnZLQch8kb5601sgESxdGXjgei7JZFqi/vVEk81wYg==
  
  lightningcss-darwin-x64@1.17.1:
    version "1.17.1"
    resolved "https://registry.yarnpkg.com/lightningcss-darwin-x64/-/lightningcss-darwin-x64-1.17.1.tgz#7fa5853f71eb8698b511dbad43305666e0e0d871"
    integrity sha512-UhXPUS2+yTTf5sXwUV0+8QY2x0bPGLgC/uhcknWSQMqWn1zGty4fFvH04D7f7ij0ujwSuN+Q0HtU7lgmMrPz0A==
  
  lightningcss-linux-arm-gnueabihf@1.17.1:
    version "1.17.1"
    resolved "https://registry.yarnpkg.com/lightningcss-linux-arm-gnueabihf/-/lightningcss-linux-arm-gnueabihf-1.17.1.tgz#9ba7ffd5be686210b88ec28bb495bf9593698678"
    integrity sha512-alUZumuznB6K/9yZ0zuZkODXUm8uRnvs9t0CL46CXN16Y2h4gOx5ahUCMlelUb7inZEsgJIoepgLsJzBUrSsBw==
  
  lightningcss-linux-arm64-gnu@1.17.1:
    version "1.17.1"
    resolved "https://registry.yarnpkg.com/lightningcss-linux-arm64-gnu/-/lightningcss-linux-arm64-gnu-1.17.1.tgz#aeee6b5ed613198aab978c878f26110d6e8e70d2"
    integrity sha512-/1XaH2cOjDt+ivmgfmVFUYCA0MtfNWwtC4P8qVi53zEQ7P8euyyZ1ynykZOyKXW9Q0DzrwcLTh6+hxVLcbtGBg==
  
  lightningcss-linux-arm64-musl@1.17.1:
    version "1.17.1"
    resolved "https://registry.yarnpkg.com/lightningcss-linux-arm64-musl/-/lightningcss-linux-arm64-musl-1.17.1.tgz#14e46b8d2f50e83a710c62432e447bd9f0c328a5"
    integrity sha512-/IgE7lYWFHCCQFTMIwtt+fXLcVOha8rcrNze1JYGPWNorO6NBc6MJo5u5cwn5qMMSz9fZCCDIlBBU4mGwjQszQ==
  
  lightningcss-linux-x64-gnu@1.17.1:
    version "1.17.1"
    resolved "https://registry.yarnpkg.com/lightningcss-linux-x64-gnu/-/lightningcss-linux-x64-gnu-1.17.1.tgz#17b8abb73d7b32338d5b248ac12325f506964e69"
    integrity sha512-OyE802IAp4DB9vZrHlOyWunbHLM9dN08tJIKN/HhzzLKIHizubOWX6NMzUXMZLsaUrYwVAHHdyEA+712p8mMzA==
  
  lightningcss-linux-x64-musl@1.17.1:
    version "1.17.1"
    resolved "https://registry.yarnpkg.com/lightningcss-linux-x64-musl/-/lightningcss-linux-x64-musl-1.17.1.tgz#78765c58c111af43e7d311afa4713348ce9b2766"
    integrity sha512-ydwGgV3Usba5P53RAOqCA9MsRsbb8jFIEVhf7/BXFjpKNoIQyijVTXhwIgQr/oGwUNOHfgQ3F8ruiUjX/p2YKw==
  
  lightningcss-win32-x64-msvc@1.17.1:
    version "1.17.1"
    resolved "https://registry.yarnpkg.com/lightningcss-win32-x64-msvc/-/lightningcss-win32-x64-msvc-1.17.1.tgz#be3c5e1f026c4fc6b58f969917970450634285a1"
    integrity sha512-Ngqtx9NazaiAOk71XWwSsqgAuwYF+8PO6UYsoU7hAukdrSS98kwaBMEDw1igeIiZy1XD/4kh5KVnkjNf7ZOxVQ==
  
  lightningcss@^1.16.1:
    version "1.17.1"
    resolved "https://registry.yarnpkg.com/lightningcss/-/lightningcss-1.17.1.tgz#cce53acf117a6f9494bc77e8ac6550286d621243"
    integrity sha512-DwwM/YYqGwLLP3he41wzDXT/m+8jdEZ80i9ViQNLRgyhey3Vm6N7XHn+4o3PY6wSnVT23WLuaROIpbpIVTNOjg==
    dependencies:
      detect-libc "^1.0.3"
    optionalDependencies:
      lightningcss-darwin-arm64 "1.17.1"
      lightningcss-darwin-x64 "1.17.1"
      lightningcss-linux-arm-gnueabihf "1.17.1"
      lightningcss-linux-arm64-gnu "1.17.1"
      lightningcss-linux-arm64-musl "1.17.1"
      lightningcss-linux-x64-gnu "1.17.1"
      lightningcss-linux-x64-musl "1.17.1"
      lightningcss-win32-x64-msvc "1.17.1"
  
  lines-and-columns@^1.1.6:
    version "1.2.4"
    resolved "https://registry.yarnpkg.com/lines-and-columns/-/lines-and-columns-1.2.4.tgz#eca284f75d2965079309dc0ad9255abb2ebc1632"
    integrity sha512-7ylylesZQ/PV29jhEDl3Ufjo6ZX7gCqJr5F7PKrqc93v7fzSymt1BpwEU8nAUXs8qzzvqhbjhK5QZg6Mt/HkBg==
  
  lmdb@2.5.2:
    version "2.5.2"
    resolved "https://registry.yarnpkg.com/lmdb/-/lmdb-2.5.2.tgz#37e28a9fb43405f4dc48c44cec0e13a14c4a6ff1"
    integrity sha512-V5V5Xa2Hp9i2XsbDALkBTeHXnBXh/lEmk9p22zdr7jtuOIY9TGhjK6vAvTpOOx9IKU4hJkRWZxn/HsvR1ELLtA==
    dependencies:
      msgpackr "^1.5.4"
      node-addon-api "^4.3.0"
      node-gyp-build-optional-packages "5.0.3"
      ordered-binary "^1.2.4"
      weak-lru-cache "^1.2.2"
    optionalDependencies:
      "@lmdb/lmdb-darwin-arm64" "2.5.2"
      "@lmdb/lmdb-darwin-x64" "2.5.2"
      "@lmdb/lmdb-linux-arm" "2.5.2"
      "@lmdb/lmdb-linux-arm64" "2.5.2"
      "@lmdb/lmdb-linux-x64" "2.5.2"
      "@lmdb/lmdb-win32-x64" "2.5.2"
  
  loose-envify@^1.1.0:
    version "1.4.0"
    resolved "https://registry.yarnpkg.com/loose-envify/-/loose-envify-1.4.0.tgz#71ee51fa7be4caec1a63839f7e682d8132d30caf"
    integrity sha512-lyuxPGr/Wfhrlem2CL/UcnUc1zcqKAImBDzukY7Y5F/yQiNdko6+fRLevlw1HgMySw7f611UIY408EtxRSoK3Q==
    dependencies:
      js-tokens "^3.0.0 || ^4.0.0"
  
  mdn-data@2.0.14:
    version "2.0.14"
    resolved "https://registry.yarnpkg.com/mdn-data/-/mdn-data-2.0.14.tgz#7113fc4281917d63ce29b43446f701e68c25ba50"
    integrity sha512-dn6wd0uw5GsdswPFfsgMp5NSB0/aDe6fK94YJV/AJDYXL6HVLWBsxeq7js7Ad+mU2K9LAlwpk6kN2D5mwCPVow==
  
  minimatch@3.0.4:
    version "3.0.4"
    resolved "https://registry.yarnpkg.com/minimatch/-/minimatch-3.0.4.tgz#5166e286457f03306064be5497e8dbb0c3d32083"
    integrity sha512-yJHVQEhyqPLUTgt9B83PXu6W3rx4MvvHvSUvToogpwoGDOUQ+yDrR0HRot+yOCdCO7u4hX3pWft6kWBBcqh0UA==
    dependencies:
      brace-expansion "^1.1.7"
  
  msgpackr-extract@^2.2.0:
    version "2.2.0"
    resolved "https://registry.yarnpkg.com/msgpackr-extract/-/msgpackr-extract-2.2.0.tgz#4bb749b58d9764cfdc0d91c7977a007b08e8f262"
    integrity sha512-0YcvWSv7ZOGl9Od6Y5iJ3XnPww8O7WLcpYMDwX+PAA/uXLDtyw94PJv9GLQV/nnp3cWlDhMoyKZIQLrx33sWog==
    dependencies:
      node-gyp-build-optional-packages "5.0.3"
    optionalDependencies:
      "@msgpackr-extract/msgpackr-extract-darwin-arm64" "2.2.0"
      "@msgpackr-extract/msgpackr-extract-darwin-x64" "2.2.0"
      "@msgpackr-extract/msgpackr-extract-linux-arm" "2.2.0"
      "@msgpackr-extract/msgpackr-extract-linux-arm64" "2.2.0"
      "@msgpackr-extract/msgpackr-extract-linux-x64" "2.2.0"
      "@msgpackr-extract/msgpackr-extract-win32-x64" "2.2.0"
  
  msgpackr@^1.5.4:
    version "1.8.1"
    resolved "https://registry.yarnpkg.com/msgpackr/-/msgpackr-1.8.1.tgz#2298aed8a14f83e99df77d344cbda3e436f29b5b"
    integrity sha512-05fT4J8ZqjYlR4QcRDIhLCYKUOHXk7C/xa62GzMKj74l3up9k2QZ3LgFc6qWdsPHl91QA2WLWqWc8b8t7GLNNw==
    optionalDependencies:
      msgpackr-extract "^2.2.0"
  
  node-addon-api@^3.2.1:
    version "3.2.1"
    resolved "https://registry.yarnpkg.com/node-addon-api/-/node-addon-api-3.2.1.tgz#81325e0a2117789c0128dab65e7e38f07ceba161"
    integrity sha512-mmcei9JghVNDYydghQmeDX8KoAm0FAiYyIcUt/N4nhyAipB17pllZQDOJD2fotxABnt4Mdz+dKTO7eftLg4d0A==
  
  node-addon-api@^4.3.0:
    version "4.3.0"
    resolved "https://registry.yarnpkg.com/node-addon-api/-/node-addon-api-4.3.0.tgz#52a1a0b475193e0928e98e0426a0d1254782b77f"
    integrity sha512-73sE9+3UaLYYFmDsFZnqCInzPyh3MqIwZO9cw58yIqAZhONrrabrYyYe3TuIqtIiOuTXVhsGau8hcrhhwSsDIQ==
  
  node-gyp-build-optional-packages@5.0.3:
    version "5.0.3"
    resolved "https://registry.yarnpkg.com/node-gyp-build-optional-packages/-/node-gyp-build-optional-packages-5.0.3.tgz#92a89d400352c44ad3975010368072b41ad66c17"
    integrity sha512-k75jcVzk5wnnc/FMxsf4udAoTEUv2jY3ycfdSd3yWu6Cnd1oee6/CfZJApyscA4FJOmdoixWwiwOyf16RzD5JA==
  
  node-gyp-build@^4.3.0:
    version "4.5.0"
    resolved "https://registry.yarnpkg.com/node-gyp-build/-/node-gyp-build-4.5.0.tgz#7a64eefa0b21112f89f58379da128ac177f20e40"
    integrity sha512-2iGbaQBV+ITgCz76ZEjmhUKAKVf7xfY1sRl4UiKQspfZMH2h06SyhNsnSVy50cwkFQDGLyif6m/6uFXHkOZ6rg==
  
  node-releases@^2.0.6:
    version "2.0.8"
    resolved "https://registry.yarnpkg.com/node-releases/-/node-releases-2.0.8.tgz#0f349cdc8fcfa39a92ac0be9bc48b7706292b9ae"
    integrity sha512-dFSmB8fFHEH/s81Xi+Y/15DQY6VHW81nXRj86EMSL3lmuTmK1e+aT4wrFCkTbm+gSwkw4KpX+rT/pMM2c1mF+A==
  
  nth-check@^2.0.1:
    version "2.1.1"
    resolved "https://registry.yarnpkg.com/nth-check/-/nth-check-2.1.1.tgz#c9eab428effce36cd6b92c924bdb000ef1f1ed1d"
    integrity sha512-lqjrjmaOoAnWfMmBPL+XNnynZh2+swxiX3WUE0s4yEHI6m+AwrK2UZOimIRl3X/4QctVqS8AiZjFqyOGrMXb/w==
    dependencies:
      boolbase "^1.0.0"
  
  nullthrows@^1.1.1:
    version "1.1.1"
    resolved "https://registry.yarnpkg.com/nullthrows/-/nullthrows-1.1.1.tgz#7818258843856ae971eae4208ad7d7eb19a431b1"
    integrity sha512-2vPPEi+Z7WqML2jZYddDIfy5Dqb0r2fze2zTxNNknZaFpVHU3mFB3R+DWeJWGVx0ecvttSGlJTI+WG+8Z4cDWw==
  
  ordered-binary@^1.2.4:
    version "1.4.0"
    resolved "https://registry.yarnpkg.com/ordered-binary/-/ordered-binary-1.4.0.tgz#6bb53d44925f3b8afc33d1eed0fa15693b211389"
    integrity sha512-EHQ/jk4/a9hLupIKxTfUsQRej1Yd/0QLQs3vGvIqg5ZtCYSzNhkzHoZc7Zf4e4kUlDaC3Uw8Q/1opOLNN2OKRQ==
  
  parcel-plugin-static-files-copy@^2.6.0:
    version "2.6.0"
    resolved "https://registry.yarnpkg.com/parcel-plugin-static-files-copy/-/parcel-plugin-static-files-copy-2.6.0.tgz#06d7d9b6d7e2071b2e261315e94209b522108beb"
    integrity sha512-k3YxdnEQWo1aMfCeBfxgUNJWuUE0O730EGiGBcmWEUOto7f1jM/8oxBKXkVZsXDCO1o00dw5X7CsT+yF0JY4qA==
    dependencies:
      minimatch "3.0.4"
      path "0.12.7"
  
  parcel@^2.8.2:
    version "2.8.2"
    resolved "https://registry.yarnpkg.com/parcel/-/parcel-2.8.2.tgz#6539c0a435b14e5829d09254b0394dcfbc0b0ba5"
    integrity sha512-XMVf3Ip9Iokv0FC3ulN/B0cb5O21qaw0RhUPz7zULQlY794ZpFP9mNtN7HvCVEgjl5/q2sYMcTA8l+5QJ2zZ/Q==
    dependencies:
      "@parcel/config-default" "2.8.2"
      "@parcel/core" "2.8.2"
      "@parcel/diagnostic" "2.8.2"
      "@parcel/events" "2.8.2"
      "@parcel/fs" "2.8.2"
      "@parcel/logger" "2.8.2"
      "@parcel/package-manager" "2.8.2"
      "@parcel/reporter-cli" "2.8.2"
      "@parcel/reporter-dev-server" "2.8.2"
      "@parcel/utils" "2.8.2"
      chalk "^4.1.0"
      commander "^7.0.0"
      get-port "^4.2.0"
      v8-compile-cache "^2.0.0"
  
  parent-module@^1.0.0:
    version "1.0.1"
    resolved "https://registry.yarnpkg.com/parent-module/-/parent-module-1.0.1.tgz#691d2709e78c79fae3a156622452d00762caaaa2"
    integrity sha512-GQ2EWRpQV8/o+Aw8YqtfZZPfNRWZYkbidE9k5rpl/hC3vtHHBfGm2Ifi6qWV+coDGkrUKZAxE3Lot5kcsRlh+g==
    dependencies:
      callsites "^3.0.0"
  
  parse-json@^5.0.0:
    version "5.2.0"
    resolved "https://registry.yarnpkg.com/parse-json/-/parse-json-5.2.0.tgz#c76fc66dee54231c962b22bcc8a72cf2f99753cd"
    integrity sha512-ayCKvm/phCGxOkYRSCM82iDwct8/EonSEgCSxWxD7ve6jHggsFl4fZVQBPRNgQoKiuV/odhFrGzQXZwbifC8Rg==
    dependencies:
      "@babel/code-frame" "^7.0.0"
      error-ex "^1.3.1"
      json-parse-even-better-errors "^2.3.0"
      lines-and-columns "^1.1.6"
  
  path-parse@^1.0.7:
    version "1.0.7"
    resolved "https://registry.yarnpkg.com/path-parse/-/path-parse-1.0.7.tgz#fbc114b60ca42b30d9daf5858e4bd68bbedb6735"
    integrity sha512-LDJzPVEEEPR+y48z93A0Ed0yXb8pAByGWo/k5YYdYgpY2/2EsOsksJrq7lOHxryrVOn1ejG6oAp8ahvOIQD8sw==
  
  path-type@^4.0.0:
    version "4.0.0"
    resolved "https://registry.yarnpkg.com/path-type/-/path-type-4.0.0.tgz#84ed01c0a7ba380afe09d90a8c180dcd9d03043b"
    integrity sha512-gDKb8aZMDeD/tZWs9P6+q0J9Mwkdl6xMV8TjnGP3qJVJ06bdMgkbBlLU8IdfOsIsFz2BW1rNVT3XuNEl8zPAvw==
  
  path@0.12.7:
    version "0.12.7"
    resolved "https://registry.yarnpkg.com/path/-/path-0.12.7.tgz#d4dc2a506c4ce2197eb481ebfcd5b36c0140b10f"
    integrity sha512-aXXC6s+1w7otVF9UletFkFcDsJeO7lSZBPUQhtb5O0xJe8LtYhj/GxldoL09bBj9+ZmE2hNoHqQSFMN5fikh4Q==
    dependencies:
      process "^0.11.1"
      util "^0.10.3"
  
  picocolors@^1.0.0:
    version "1.0.0"
    resolved "https://registry.yarnpkg.com/picocolors/-/picocolors-1.0.0.tgz#cb5bdc74ff3f51892236eaf79d68bc44564ab81c"
    integrity sha512-1fygroTLlHu66zi26VoTDv8yRgm0Fccecssto+MhsZ0D/DGW2sm8E8AjW7NU5VVTRt5GxbeZ5qBuJr+HyLYkjQ==
  
  postcss-value-parser@^4.2.0:
    version "4.2.0"
    resolved "https://registry.yarnpkg.com/postcss-value-parser/-/postcss-value-parser-4.2.0.tgz#723c09920836ba6d3e5af019f92bc0971c02e514"
    integrity sha512-1NNCs6uurfkVbeXG4S8JFT9t19m45ICnif8zWLd5oPSZ50QnwMfK+H3jv408d4jw/7Bttv5axS5IiHoLaVNHeQ==
  
  posthtml-parser@^0.10.1:
    version "0.10.2"
    resolved "https://registry.yarnpkg.com/posthtml-parser/-/posthtml-parser-0.10.2.tgz#df364d7b179f2a6bf0466b56be7b98fd4e97c573"
    integrity sha512-PId6zZ/2lyJi9LiKfe+i2xv57oEjJgWbsHGGANwos5AvdQp98i6AtamAl8gzSVFGfQ43Glb5D614cvZf012VKg==
    dependencies:
      htmlparser2 "^7.1.1"
  
  posthtml-parser@^0.11.0:
    version "0.11.0"
    resolved "https://registry.yarnpkg.com/posthtml-parser/-/posthtml-parser-0.11.0.tgz#25d1c7bf811ea83559bc4c21c189a29747a24b7a"
    integrity sha512-QecJtfLekJbWVo/dMAA+OSwY79wpRmbqS5TeXvXSX+f0c6pW4/SE6inzZ2qkU7oAMCPqIDkZDvd/bQsSFUnKyw==
    dependencies:
      htmlparser2 "^7.1.1"
  
  posthtml-render@^3.0.0:
    version "3.0.0"
    resolved "https://registry.yarnpkg.com/posthtml-render/-/posthtml-render-3.0.0.tgz#97be44931496f495b4f07b99e903cc70ad6a3205"
    integrity sha512-z+16RoxK3fUPgwaIgH9NGnK1HKY9XIDpydky5eQGgAFVXTCSezalv9U2jQuNV+Z9qV1fDWNzldcw4eK0SSbqKA==
    dependencies:
      is-json "^2.0.1"
  
  posthtml@^0.16.4, posthtml@^0.16.5:
    version "0.16.6"
    resolved "https://registry.yarnpkg.com/posthtml/-/posthtml-0.16.6.tgz#e2fc407f67a64d2fa3567afe770409ffdadafe59"
    integrity sha512-JcEmHlyLK/o0uGAlj65vgg+7LIms0xKXe60lcDOTU7oVX/3LuEuLwrQpW3VJ7de5TaFKiW4kWkaIpJL42FEgxQ==
    dependencies:
      posthtml-parser "^0.11.0"
      posthtml-render "^3.0.0"
  
  process@^0.11.1:
    version "0.11.10"
    resolved "https://registry.yarnpkg.com/process/-/process-0.11.10.tgz#7332300e840161bda3e69a1d1d91a7d4bc16f182"
    integrity sha512-cdGef/drWFoydD1JsMzuFf8100nZl+GT+yacc2bEced5f9Rjk4z+WtFUTBu9PhOi9j/jfmBPu0mMEY4wIdAF8A==
  
  react-dom@^18.2.0:
    version "18.2.0"
    resolved "https://registry.yarnpkg.com/react-dom/-/react-dom-18.2.0.tgz#22aaf38708db2674ed9ada224ca4aa708d821e3d"
    integrity sha512-6IMTriUmvsjHUjNtEDudZfuDQUoWXVxKHhlEGSk81n4YFS+r/Kl99wXiwlVXtPBtJenozv2P+hxDsw9eA7Xo6g==
    dependencies:
      loose-envify "^1.1.0"
      scheduler "^0.23.0"
  
  react-error-overlay@6.0.9:
    version "6.0.9"
    resolved "https://registry.yarnpkg.com/react-error-overlay/-/react-error-overlay-6.0.9.tgz#3c743010c9359608c375ecd6bc76f35d93995b0a"
    integrity sha512-nQTTcUu+ATDbrSD1BZHr5kgSD4oF8OFjxun8uAaL8RwPBacGBNPf/yAuVVdx17N8XNzRDMrZ9XcKZHCjPW+9ew==
  
  react-is@^16.7.0:
    version "16.13.1"
    resolved "https://registry.yarnpkg.com/react-is/-/react-is-16.13.1.tgz#789729a4dc36de2999dc156dd6c1d9c18cea56a4"
    integrity sha512-24e6ynE2H+OKt4kqsOvNd8kBpV65zoxbA4BVsEOB3ARVWQki/DHzaUoC5KuON/BiccDaCCTZBuOcfZs70kR8bQ==
  
  react-refresh@^0.9.0:
    version "0.9.0"
    resolved "https://registry.yarnpkg.com/react-refresh/-/react-refresh-0.9.0.tgz#71863337adc3e5c2f8a6bfddd12ae3bfe32aafbf"
    integrity sha512-Gvzk7OZpiqKSkxsQvO/mbTN1poglhmAV7gR/DdIrRrSMXraRQQlfikRJOr3Nb9GTMPC5kof948Zy6jJZIFtDvQ==
  
  react-textarea-autosize@8.3.4:
    version "8.3.4"
    resolved "https://registry.yarnpkg.com/react-textarea-autosize/-/react-textarea-autosize-8.3.4.tgz#270a343de7ad350534141b02c9cb78903e553524"
    integrity sha512-CdtmP8Dc19xL8/R6sWvtknD/eCXkQr30dtvC4VmGInhRsfF8X/ihXCq6+9l9qbxmKRiq407/7z5fxE7cVWQNgQ==
    dependencies:
      "@babel/runtime" "^7.10.2"
      use-composed-ref "^1.3.0"
      use-latest "^1.2.1"
  
  react@^18.2.0:
    version "18.2.0"
    resolved "https://registry.yarnpkg.com/react/-/react-18.2.0.tgz#555bd98592883255fa00de14f1151a917b5d77d5"
    integrity sha512-/3IjMdb2L9QbBdWiW5e3P2/npwMBaU9mHCSCUzNln0ZCYbcfTsGbTJrU/kGemdH2IWmB2ioZ+zkxtmq6g09fGQ==
    dependencies:
      loose-envify "^1.1.0"
  
  regenerator-runtime@^0.13.11, regenerator-runtime@^0.13.7:
    version "0.13.11"
    resolved "https://registry.yarnpkg.com/regenerator-runtime/-/regenerator-runtime-0.13.11.tgz#f6dca3e7ceec20590d07ada785636a90cdca17f9"
    integrity sha512-kY1AZVr2Ra+t+piVaJ4gxaFaReZVH40AKNo7UCX6W+dEwBo/2oZJzqfuN1qLq1oL45o56cPaTXELwrTh8Fpggg==
  
  resolve-from@^4.0.0:
    version "4.0.0"
    resolved "https://registry.yarnpkg.com/resolve-from/-/resolve-from-4.0.0.tgz#4abcd852ad32dd7baabfe9b40e00a36db5f392e6"
    integrity sha512-pb/MYmXstAkysRFx8piNI1tGFNQIFA3vkE3Gq4EuA1dF6gHp/+vgZqsCGJapvy8N3Q+4o7FwvquPJcnZ7RYy4g==
  
  resolve@^1.19.0:
    version "1.22.1"
    resolved "https://registry.yarnpkg.com/resolve/-/resolve-1.22.1.tgz#27cb2ebb53f91abb49470a928bba7558066ac177"
    integrity sha512-nBpuuYuY5jFsli/JIs1oldw6fOQCBioohqWZg/2hiaOybXOft4lonv85uDOKXdf8rhyK159cxU5cDcK/NKk8zw==
    dependencies:
      is-core-module "^2.9.0"
      path-parse "^1.0.7"
      supports-preserve-symlinks-flag "^1.0.0"
  
  safe-buffer@^5.0.1:
    version "5.2.1"
    resolved "https://registry.yarnpkg.com/safe-buffer/-/safe-buffer-5.2.1.tgz#1eaf9fa9bdb1fdd4ec75f58f9cdb4e6b7827eec6"
    integrity sha512-rp3So07KcdmmKbGvgaNxQSJr7bGVSVk5S9Eq1F+ppbRo70+YeaDxkw5Dd8NPN+GD6bjnYm2VuPuCXmpuYvmCXQ==
  
  scheduler@^0.23.0:
    version "0.23.0"
    resolved "https://registry.yarnpkg.com/scheduler/-/scheduler-0.23.0.tgz#ba8041afc3d30eb206a487b6b384002e4e61fdfe"
    integrity sha512-CtuThmgHNg7zIZWAXi3AsyIzA3n4xx7aNyjwC2VJldO2LMVDhFK+63xGqq6CsJH4rTAt6/M+N4GhZiDYPx9eUw==
    dependencies:
      loose-envify "^1.1.0"
  
  semver@^5.7.0, semver@^5.7.1:
    version "5.7.1"
    resolved "https://registry.yarnpkg.com/semver/-/semver-5.7.1.tgz#a954f931aeba508d307bbf069eff0c01c96116f7"
    integrity sha512-sauaDf/PZdVgrLTNYHRtpXa1iRiKcaebiKQ1BJdpQlWH2lCvexQdX55snPFyK7QzpudqbCI0qXFfOasHdyNDGQ==
  
  source-map-support@~0.5.20:
    version "0.5.21"
    resolved "https://registry.yarnpkg.com/source-map-support/-/source-map-support-0.5.21.tgz#04fe7c7f9e1ed2d662233c28cb2b35b9f63f6e4f"
    integrity sha512-uBHU3L3czsIyYXKX88fdrGovxdSCoTGDRZ6SYXtSRxLZUzHg5P/66Ht6uoUlHu9EZod+inXhKo3qQgwXUT/y1w==
    dependencies:
      buffer-from "^1.0.0"
      source-map "^0.6.0"
  
  source-map@^0.5.7:
    version "0.5.7"
    resolved "https://registry.yarnpkg.com/source-map/-/source-map-0.5.7.tgz#8a039d2d1021d22d1ea14c80d8ea468ba2ef3fcc"
    integrity sha512-LbrmJOMUSdEVxIKvdcJzQC+nQhe8FUZQTXQy6+I75skNgn3OoQ0DZA8YnFa7gp8tqtL3KPf1kmo0R5DoApeSGQ==
  
  source-map@^0.6.0, source-map@^0.6.1:
    version "0.6.1"
    resolved "https://registry.yarnpkg.com/source-map/-/source-map-0.6.1.tgz#74722af32e9614e9c287a8d0bbde48b5e2f1a263"
    integrity sha512-UjgapumWlbMhkBgzT7Ykc5YXUT46F0iKu8SGXq0bcwP5dz/h0Plj6enJqjz1Zbq2l5WaqYnrVbwWOWMyF3F47g==
  
  stable@^0.1.8:
    version "0.1.8"
    resolved "https://registry.yarnpkg.com/stable/-/stable-0.1.8.tgz#836eb3c8382fe2936feaf544631017ce7d47a3cf"
    integrity sha512-ji9qxRnOVfcuLDySj9qzhGSEFVobyt1kIOSkj1qZzYLzq7Tos/oUUWvotUPQLlrsidqsK6tBH89Bc9kL5zHA6w==
  
  stylis@4.1.3:
    version "4.1.3"
    resolved "https://registry.yarnpkg.com/stylis/-/stylis-4.1.3.tgz#fd2fbe79f5fed17c55269e16ed8da14c84d069f7"
    integrity sha512-GP6WDNWf+o403jrEp9c5jibKavrtLW+/qYGhFxFrG8maXhwTBI7gLLhiBb0o7uFccWN+EOS9aMO6cGHWAO07OA==
  
  supports-color@^5.3.0:
    version "5.5.0"
    resolved "https://registry.yarnpkg.com/supports-color/-/supports-color-5.5.0.tgz#e2e69a44ac8772f78a1ec0b35b689df6530efc8f"
    integrity sha512-QjVjwdXIt408MIiAqCX4oUKsgU2EqAGzs2Ppkm4aQYbjm+ZEWEcW4SfFNTr4uMNZma0ey4f5lgLrkB0aX0QMow==
    dependencies:
      has-flag "^3.0.0"
  
  supports-color@^7.1.0:
    version "7.2.0"
    resolved "https://registry.yarnpkg.com/supports-color/-/supports-color-7.2.0.tgz#1b7dcdcb32b8138801b3e478ba6a51caa89648da"
    integrity sha512-qpCAvRl9stuOHveKsn7HncJRvv501qIacKzQlO/+Lwxc9+0q2wLyv4Dfvt80/DPn2pqOBsJdDiogXGR9+OvwRw==
    dependencies:
      has-flag "^4.0.0"
  
  supports-preserve-symlinks-flag@^1.0.0:
    version "1.0.0"
    resolved "https://registry.yarnpkg.com/supports-preserve-symlinks-flag/-/supports-preserve-symlinks-flag-1.0.0.tgz#6eda4bd344a3c94aea376d4cc31bc77311039e09"
    integrity sha512-ot0WnXS9fgdkgIcePe6RHNk1WA8+muPa6cSjeR3V8K27q9BB1rTE3R1p7Hv0z1ZyAc8s6Vvv8DIyWf681MAt0w==
  
  svgo@^2.4.0:
    version "2.8.0"
    resolved "https://registry.yarnpkg.com/svgo/-/svgo-2.8.0.tgz#4ff80cce6710dc2795f0c7c74101e6764cfccd24"
    integrity sha512-+N/Q9kV1+F+UeWYoSiULYo4xYSDQlTgb+ayMobAXPwMnLvop7oxKMo9OzIrX5x3eS4L4f2UHhc9axXwY8DpChg==
    dependencies:
      "@trysound/sax" "0.2.0"
      commander "^7.2.0"
      css-select "^4.1.3"
      css-tree "^1.1.3"
      csso "^4.2.0"
      picocolors "^1.0.0"
      stable "^0.1.8"
  
  term-size@^2.2.1:
    version "2.2.1"
    resolved "https://registry.yarnpkg.com/term-size/-/term-size-2.2.1.tgz#2a6a54840432c2fb6320fea0f415531e90189f54"
    integrity sha512-wK0Ri4fOGjv/XPy8SBHZChl8CM7uMc5VML7SqiQ0zG7+J5Vr+RMQDoHa2CNT6KHUnTGIXH34UDMkPzAUyapBZg==
  
  terser@^5.2.0:
    version "5.16.1"
    resolved "https://registry.yarnpkg.com/terser/-/terser-5.16.1.tgz#5af3bc3d0f24241c7fb2024199d5c461a1075880"
    integrity sha512-xvQfyfA1ayT0qdK47zskQgRZeWLoOQ8JQ6mIgRGVNwZKdQMU+5FkCBjmv4QjcrTzyZquRw2FVtlJSRUmMKQslw==
    dependencies:
      "@jridgewell/source-map" "^0.3.2"
      acorn "^8.5.0"
      commander "^2.20.0"
      source-map-support "~0.5.20"
  
  text-scorer@^2.1.2:
    version "2.1.2"
    resolved "https://registry.yarnpkg.com/text-scorer/-/text-scorer-2.1.2.tgz#8fb0c5d0e58c86872536521a55c76e929de546ee"
    integrity sha512-DKxOApCvSVOk5oo5zC9Jha8diRDh0tQrmrxzbSw0U9X9R2sVzQFL7P65bhmvOU9In+zBKb50WHD31R/CzoZ+cg==
  
  timsort@^0.3.0:
    version "0.3.0"
    resolved "https://registry.yarnpkg.com/timsort/-/timsort-0.3.0.tgz#405411a8e7e6339fe64db9a234de11dc31e02bd4"
    integrity sha512-qsdtZH+vMoCARQtyod4imc2nIJwg9Cc7lPRrw9CzF8ZKR0khdr8+2nX80PBhET3tcyTtJDxAffGh2rXH4tyU8A==
  
  to-fast-properties@^2.0.0:
    version "2.0.0"
    resolved "https://registry.yarnpkg.com/to-fast-properties/-/to-fast-properties-2.0.0.tgz#dc5e698cbd079265bc73e0377681a4e4e83f616e"
    integrity sha512-/OaKK0xYrs3DmxRYqL/yDc+FxFUVYhDlXMhRmv3z915w2HF1tnN1omB354j8VUGO/hbRzyD6Y3sA7v7GS/ceog==
  
  tslib@^2.0.0, tslib@^2.4.0:
    version "2.4.1"
    resolved "https://registry.yarnpkg.com/tslib/-/tslib-2.4.1.tgz#0d0bfbaac2880b91e22df0768e55be9753a5b17e"
    integrity sha512-tGyy4dAjRIEwI7BzsB0lynWgOpfqjUdq91XXAlIWD2OwKBH7oCl/GZG/HT4BOHrTlPMOASlMQ7veyTqpmRcrNA==
  
  type-fest@^0.20.2:
    version "0.20.2"
    resolved "https://registry.yarnpkg.com/type-fest/-/type-fest-0.20.2.tgz#1bf207f4b28f91583666cb5fbd327887301cd5f4"
    integrity sha512-Ne+eE4r0/iWnpAxD852z3A+N0Bt5RN//NjJwRd2VFHEmrywxf5vsZlh4R6lixl6B+wz/8d+maTSAkN1FIkI3LQ==
  
  typescript@^4.9.4:
    version "4.9.4"
    resolved "https://registry.yarnpkg.com/typescript/-/typescript-4.9.4.tgz#a2a3d2756c079abda241d75f149df9d561091e78"
    integrity sha512-Uz+dTXYzxXXbsFpM86Wh3dKCxrQqUcVMxwU54orwlJjOpO3ao8L7j5lH+dWfTwgCwIuM9GQ2kvVotzYJMXTBZg==
  
  update-browserslist-db@^1.0.9:
    version "1.0.10"
    resolved "https://registry.yarnpkg.com/update-browserslist-db/-/update-browserslist-db-1.0.10.tgz#0f54b876545726f17d00cd9a2561e6dade943ff3"
    integrity sha512-OztqDenkfFkbSG+tRxBeAnCVPckDBcvibKd35yDONx6OU8N7sqgwc7rCbkJ/WcYtVRZ4ba68d6byhC21GFh7sQ==
    dependencies:
      escalade "^3.1.1"
      picocolors "^1.0.0"
  
  use-composed-ref@^1.3.0:
    version "1.3.0"
    resolved "https://registry.yarnpkg.com/use-composed-ref/-/use-composed-ref-1.3.0.tgz#3d8104db34b7b264030a9d916c5e94fbe280dbda"
    integrity sha512-GLMG0Jc/jiKov/3Ulid1wbv3r54K9HlMW29IWcDFPEqFkSO2nS0MuefWgMJpeHQ9YJeXDL3ZUF+P3jdXlZX/cQ==
  
  use-isomorphic-layout-effect@^1.1.1:
    version "1.1.2"
    resolved "https://registry.yarnpkg.com/use-isomorphic-layout-effect/-/use-isomorphic-layout-effect-1.1.2.tgz#497cefb13d863d687b08477d9e5a164ad8c1a6fb"
    integrity sha512-49L8yCO3iGT/ZF9QttjwLF/ZD9Iwto5LnH5LmEdk/6cFmXddqi2ulF0edxTwjj+7mqvpVVGQWvbXZdn32wRSHA==
  
  use-latest@^1.2.1:
    version "1.2.1"
    resolved "https://registry.yarnpkg.com/use-latest/-/use-latest-1.2.1.tgz#d13dfb4b08c28e3e33991546a2cee53e14038cf2"
    integrity sha512-xA+AVm/Wlg3e2P/JiItTziwS7FK92LWrDB0p+hgXloIMuVCeJJ8v6f0eeHyPZaJrM+usM1FkFfbNCrJGs8A/zw==
    dependencies:
      use-isomorphic-layout-effect "^1.1.1"
  
  util@^0.10.3:
    version "0.10.4"
    resolved "https://registry.yarnpkg.com/util/-/util-0.10.4.tgz#3aa0125bfe668a4672de58857d3ace27ecb76901"
    integrity sha512-0Pm9hTQ3se5ll1XihRic3FDIku70C+iHUdT/W926rSgHV5QgXsYbKZN8MSC3tJtSkhuROzvsQjAaFENRXr+19A==
    dependencies:
      inherits "2.0.3"
  
  utility-types@^3.10.0:
    version "3.10.0"
    resolved "https://registry.yarnpkg.com/utility-types/-/utility-types-3.10.0.tgz#ea4148f9a741015f05ed74fd615e1d20e6bed82b"
    integrity sha512-O11mqxmi7wMKCo6HKFt5AhO4BwY3VV68YU07tgxfz8zJTIxr4BpsezN49Ffwy9j3ZpwwJp4fkRwjRzq3uWE6Rg==
  
  v8-compile-cache@^2.0.0:
    version "2.3.0"
    resolved "https://registry.yarnpkg.com/v8-compile-cache/-/v8-compile-cache-2.3.0.tgz#2de19618c66dc247dcfb6f99338035d8245a2cee"
    integrity sha512-l8lCEmLcLYZh4nbunNZvQCJc5pv7+RCwa8q/LdUx8u7lsWvPDKmpodJAJNwkAhJC//dFY48KuIEmjtd4RViDrA==
  
  weak-lru-cache@^1.2.2:
    version "1.2.2"
    resolved "https://registry.yarnpkg.com/weak-lru-cache/-/weak-lru-cache-1.2.2.tgz#fdbb6741f36bae9540d12f480ce8254060dccd19"
    integrity sha512-DEAoo25RfSYMuTGc9vPJzZcZullwIqRDSI9LOy+fkCJPi6hykCnfKaXTuPBDuXAUcqHXyOgFtHNp/kB2FjYHbw==
  
  xxhash-wasm@^0.4.2:
    version "0.4.2"
    resolved "https://registry.yarnpkg.com/xxhash-wasm/-/xxhash-wasm-0.4.2.tgz#752398c131a4dd407b5132ba62ad372029be6f79"
    integrity sha512-/eyHVRJQCirEkSZ1agRSCwriMhwlyUcFkXD5TPVSLP+IPzjsqMVzZwdoczLp1SoQU0R3dxz1RpIK+4YNQbCVOA==
  
  yaml@^1.10.0:
    version "1.10.2"
    resolved "https://registry.yarnpkg.com/yaml/-/yaml-1.10.2.tgz#2301c5ffbf12b467de8da2333a459e29e7920e4b"
    integrity sha512-r3vXyErRCYJ7wg28yvBY5VSoAF8ZvlcW9/BwUzEtUsjvX/DKs24dIkuwjtuprwJJHsbyUbLApepYTR1BN4uHrg==
